Change Component Designator: OldDesignator=C23 NewDesignator=C24
Change Component Designator: OldDesignator=C24 NewDesignator=C23
Change Component Designator: OldDesignator=R8 NewDesignator=R10
Change Component Designator: OldDesignator=R9 NewDesignator=R11
Change Component Designator: OldDesignator=R10 NewDesignator=R12
Change Component Designator: OldDesignator=R11 NewDesignator=R13
Change Component Designator: OldDesignator=R12 NewDesignator=R14
Change Component Designator: OldDesignator=R13 NewDesignator=R15
Change Component Designator: OldDesignator=R14 NewDesignator=R16
Change Component Designator: OldDesignator=R15 NewDesignator=R17
Change Component Designator: OldDesignator=R16 NewDesignator=R18
Change Component Designator: OldDesignator=R17 NewDesignator=R19
Change Component Designator: OldDesignator=R18 NewDesignator=R20
Change Component Designator: OldDesignator=R19 NewDesignator=R21
Change Component Designator: OldDesignator=R20 NewDesignator=R22
Change Component Designator: OldDesignator=R21 NewDesignator=R23
Change Component Designator: OldDesignator=R22 NewDesignator=R24
Change Component Designator: OldDesignator=R23 NewDesignator=R25
Change Component Designator: OldDesignator=R24 NewDesignator=R26
Change Component Designator: OldDesignator=R25 NewDesignator=R27
Change Component Designator: OldDesignator=R26 NewDesignator=R28
Added Component: Designator=R4(Shunt Resistor)
Add component (AddParameter): Name = "ComponentLink1Description"; Value = "Digi-Key_Purchase_URL"; VariantName = "[No Variations]"
Add component (AddParameter): Name = "ComponentLink1URL"; Value = "https://www.digikey.com/en/products/detail/vishay-dale/SR32L500FE66/7560303?s=N4IgTCBcDaIM4CcDMYA2BWADJkBdAvkA"; VariantName = "[No Variations]"
Add component (AddParameter): Name = "ComponentLink2Description"; Value = "Datasheet_Link"; VariantName = "[No Variations]"
Add component (AddParameter): Name = "ComponentLink2URL"; Value = "https://www.vishay.com/docs/31067/sr.pdf"; VariantName = "[No Variations]"
Add component (AddParameter): Name = "Design Item ID"; Value = "Current Sensing resistor"; VariantName = "[No Variations]"
Add component (AddParameter): Name = "Digi-Key_Part_Number"; Value = "541-3933-ND"; VariantName = "[No Variations]"
Add component (AddParameter): Name = "Source"; Value = "CAN Termination Resistor 0805.SchLib"; VariantName = "[No Variations]"
Added Component: Designator=R5(Shunt Resistor)
Add component (AddParameter): Name = "ComponentLink1Description"; Value = "Digi-Key_Purchase_URL"; VariantName = "[No Variations]"
Add component (AddParameter): Name = "ComponentLink1URL"; Value = "https://www.digikey.com/en/products/detail/vishay-dale/SR32L500FE66/7560303?s=N4IgTCBcDaIM4CcDMYA2BWADJkBdAvkA"; VariantName = "[No Variations]"
Add component (AddParameter): Name = "ComponentLink2Description"; Value = "Datasheet_Link"; VariantName = "[No Variations]"
Add component (AddParameter): Name = "ComponentLink2URL"; Value = "https://www.vishay.com/docs/31067/sr.pdf"; VariantName = "[No Variations]"
Add component (AddParameter): Name = "Design Item ID"; Value = "Current Sensing resistor"; VariantName = "[No Variations]"
Add component (AddParameter): Name = "Digi-Key_Part_Number"; Value = "541-3933-ND"; VariantName = "[No Variations]"
Add component (AddParameter): Name = "Source"; Value = "CAN Termination Resistor 0805.SchLib"; VariantName = "[No Variations]"
Added Component: Designator=R6(Shunt Resistor)
Add component (AddParameter): Name = "ComponentLink1Description"; Value = "Digi-Key_Purchase_URL"; VariantName = "[No Variations]"
Add component (AddParameter): Name = "ComponentLink1URL"; Value = "https://www.digikey.com/en/products/detail/vishay-dale/SR32L500FE66/7560303?s=N4IgTCBcDaIM4CcDMYA2BWADJkBdAvkA"; VariantName = "[No Variations]"
Add component (AddParameter): Name = "ComponentLink2Description"; Value = "Datasheet_Link"; VariantName = "[No Variations]"
Add component (AddParameter): Name = "ComponentLink2URL"; Value = "https://www.vishay.com/docs/31067/sr.pdf"; VariantName = "[No Variations]"
Add component (AddParameter): Name = "Design Item ID"; Value = "Current Sensing resistor"; VariantName = "[No Variations]"
Add component (AddParameter): Name = "Digi-Key_Part_Number"; Value = "541-3933-ND"; VariantName = "[No Variations]"
Add component (AddParameter): Name = "Source"; Value = "CAN Termination Resistor 0805.SchLib"; VariantName = "[No Variations]"
Added Component: Designator=R7(Shunt Resistor)
Add component (AddParameter): Name = "ComponentLink1Description"; Value = "Digi-Key_Purchase_URL"; VariantName = "[No Variations]"
Add component (AddParameter): Name = "ComponentLink1URL"; Value = "https://www.digikey.com/en/products/detail/vishay-dale/SR32L500FE66/7560303?s=N4IgTCBcDaIM4CcDMYA2BWADJkBdAvkA"; VariantName = "[No Variations]"
Add component (AddParameter): Name = "ComponentLink2Description"; Value = "Datasheet_Link"; VariantName = "[No Variations]"
Add component (AddParameter): Name = "ComponentLink2URL"; Value = "https://www.vishay.com/docs/31067/sr.pdf"; VariantName = "[No Variations]"
Add component (AddParameter): Name = "Design Item ID"; Value = "Current Sensing resistor"; VariantName = "[No Variations]"
Add component (AddParameter): Name = "Digi-Key_Part_Number"; Value = "541-3933-ND"; VariantName = "[No Variations]"
Add component (AddParameter): Name = "Source"; Value = "CAN Termination Resistor 0805.SchLib"; VariantName = "[No Variations]"
Added Component: Designator=R8(RESC0805(2012)_N)
Add component (AddParameter): Name = "Case-EIA"; Value = "0805"; VariantName = "[No Variations]"
Add component (AddParameter): Name = "Design Item ID"; Value = "Resistor 0805"; VariantName = "[No Variations]"
Add component (AddParameter): Name = "Pin Count"; Value = "2"; VariantName = "[No Variations]"
Add component (AddParameter): Name = "Power"; Value = "0.125 W"; VariantName = "[No Variations]"
Add component (AddParameter): Name = "Technology"; Value = "SMT"; VariantName = "[No Variations]"
Add component (AddParameter): Name = "Tolerance"; Value = "5 %"; VariantName = "[No Variations]"
Add component (AddParameter): Name = "Value"; Value = "12 kOhm"; VariantName = "[No Variations]"
Added Component: Designator=R9(RESC0805(2012)_N)
Add component (AddParameter): Name = "Case-EIA"; Value = "0805"; VariantName = "[No Variations]"
Add component (AddParameter): Name = "Design Item ID"; Value = "Resistor 0805"; VariantName = "[No Variations]"
Add component (AddParameter): Name = "Pin Count"; Value = "2"; VariantName = "[No Variations]"
Add component (AddParameter): Name = "Power"; Value = "0.125 W"; VariantName = "[No Variations]"
Add component (AddParameter): Name = "Technology"; Value = "SMT"; VariantName = "[No Variations]"
Add component (AddParameter): Name = "Tolerance"; Value = "5 %"; VariantName = "[No Variations]"
Add component (AddParameter): Name = "Value"; Value = "2.2 kOhm"; VariantName = "[No Variations]"
Added Pin To Net: NetName=3V3_Converter_Out Pin=R4-1
Added Pin To Net: NetName=3V3_Out Pin=R4-2
Added Pin To Net: NetName=5V_Converter_Out Pin=R5-1
Added Pin To Net: NetName=5V_Out Pin=R5-2
Added Pin To Net: NetName=12V_Converter_Out Pin=R6-1
Added Pin To Net: NetName=12V_Out Pin=R6-2
Added Pin To Net: NetName=Power_In Pin=R7-1
Added Pin To Net: NetName=24V_Out Pin=R7-2
Added Pin To Net: NetName=Power_In Pin=R8-2
Added Pin To Net: NetName=GND Pin=R9-1
Change Net Name : Old Net Name=NetR10_1 New Net Name=NetR12_1
Change Net Name : Old Net Name=NetR11_1 New Net Name=NetR13_1
Change Net Name : Old Net Name=NetR12_1 New Net Name=NetR14_1
Change Net Name : Old Net Name=NetR13_1 New Net Name=NetR15_1
Added Pin To Net: NetName=batteryVoltage Pin=R8-1
Added Pin To Net: NetName=batteryVoltage Pin=R9-2
Added Pin To Net: NetName=batteryVoltage Pin=U9-2
Added Net: Name=batteryVoltage
Added Member To Class: ClassName=Current Sensors Member=Component R4 Current Sensing resistor
Added Member To Class: ClassName=Current Sensors Member=Component R5 Current Sensing resistor
Added Member To Class: ClassName=Current Sensors Member=Component R6 Current Sensing resistor
Added Member To Class: ClassName=Current Sensors Member=Component R7 Current Sensing resistor
Added Member To Class: ClassName=Current Sensors Member=Component R8 Resistor 0805
Added Member To Class: ClassName=Current Sensors Member=Component R9 Resistor 0805
Added Member To Class: ClassName=Microcontroller Member=Component Reset  Test Point
