Removed Pin From Net: NetName=3V3_Out Pin=U5-8
Removed Pin From Net: NetName=3V3_Out Pin=U5-9
Removed Pin From Net: NetName=3V3_Converter_Out Pin=U5-10
Removed Pin From Net: NetName=5V_Out Pin=U6-8
Removed Pin From Net: NetName=5V_Out Pin=U6-9
Removed Pin From Net: NetName=5V_Converter_Out Pin=U6-10
Removed Pin From Net: NetName=12V_Out Pin=U7-8
Removed Pin From Net: NetName=12V_Out Pin=U7-9
Removed Pin From Net: NetName=12V_Converter_Out Pin=U7-10
Removed Pin From Net: NetName=24V_Out Pin=U8-8
Removed Pin From Net: NetName=24V_Out Pin=U8-9
Removed Pin From Net: NetName=Power_In Pin=U8-10
Removed Member From Class: ClassName=Microcontroller Member=F6
Change Component Designator: OldDesignator=C12 NewDesignator=C16
Change Component Designator: OldDesignator=C13 NewDesignator=C17
Change Component Designator: OldDesignator=C14 NewDesignator=C18
Change Component Designator: OldDesignator=C15 NewDesignator=C19
Change Component Designator: OldDesignator=C16 NewDesignator=C20
Change Component Designator: OldDesignator=C17 NewDesignator=C21
Change Component Designator: OldDesignator=C18 NewDesignator=C22
Change Component Designator: OldDesignator=C19 NewDesignator=C23
Change Component Designator: OldDesignator=C20 NewDesignator=C24
Change Component Designator: OldDesignator=C21 NewDesignator=C25
Change Component Designator: OldDesignator=C22 NewDesignator=C26
Change Component Designator: OldDesignator=C23 NewDesignator=C27
Change Component Designator: OldDesignator=C24 NewDesignator=C28
Change Component Designator: OldDesignator=C25 NewDesignator=C29
Change Component Designator: OldDesignator=C26 NewDesignator=C30
Change Component Designator: OldDesignator=C27 NewDesignator=C31
Change Component Designator: OldDesignator=C28 NewDesignator=C32
Change Component Designator: OldDesignator=C29 NewDesignator=C33
Change Component Designator: OldDesignator=C30 NewDesignator=C34
Change Component Designator: OldDesignator=C31 NewDesignator=C35
Change Component Designator: OldDesignator=F1 NewDesignator=F13
Change Component Designator: OldDesignator=F2 NewDesignator=F1
Change Component Designator: OldDesignator=F3 NewDesignator=F2
Change Component Designator: OldDesignator=F4 NewDesignator=F3
Change Component Designator: OldDesignator=F5 NewDesignator=F4
Change Component Designator: OldDesignator=F6 NewDesignator=F5
Change Component Designator: OldDesignator=F7 NewDesignator=F6
Change Component Designator: OldDesignator=F8 NewDesignator=F7
Change Component Designator: OldDesignator=F9 NewDesignator=F8
Change Component Designator: OldDesignator=F10 NewDesignator=F9
Change Component Designator: OldDesignator=F11 NewDesignator=F10
Change Component Designator: OldDesignator=F12 NewDesignator=F11
Change Component Designator: OldDesignator=F13 NewDesignator=F12
Change Component Designator: OldDesignator=R11 NewDesignator=R19
Change Component Designator: OldDesignator=R12 NewDesignator=R20
Change Component Designator: OldDesignator=R13 NewDesignator=R21
Change Component Designator: OldDesignator=R14 NewDesignator=R22
Change Component Designator: OldDesignator=R15 NewDesignator=R23
Change Component Designator: OldDesignator=R16 NewDesignator=R24
Change Component Designator: OldDesignator=R17 NewDesignator=R25
Change Component Designator: OldDesignator=R18 NewDesignator=R26
Change Component Designator: OldDesignator=R19 NewDesignator=R27
Change Component Designator: OldDesignator=R20 NewDesignator=R28
Change Component Designator: OldDesignator=R21 NewDesignator=R29
Change Component Designator: OldDesignator=R22 NewDesignator=R30
Change Component Designator: OldDesignator=R23 NewDesignator=R31
Change Component Designator: OldDesignator=R24 NewDesignator=R32
Change Component Designator: OldDesignator=R25 NewDesignator=R33
Change Component Designator: OldDesignator=R26 NewDesignator=R34
Change Component Designator: OldDesignator=R27 NewDesignator=R35
Change Component Designator: OldDesignator=R29 NewDesignator=R36
Change Component Designator: OldDesignator=R30 NewDesignator=R37
Change Component Designator: OldDesignator=R31 NewDesignator=R38
Added Component: Designator=C12(Cap 0805)
Add component (AddParameter): Name = "Case Size/Dimension"; Value = "0805"; VariantName = "[No Variations]"
Add component (AddParameter): Name = "Component Type"; Value = "Standard"; VariantName = "[No Variations]"
Add component (AddParameter): Name = "ComponentLink1Description"; Value = "Digi-Key_Purchase_URL"; VariantName = "[No Variations]"
Add component (AddParameter): Name = "ComponentLink1URL"; Value = "https://www.digikey.com/product-detail/en/kemet/C0805C104Z5VACTU/399-1177-1-ND/411452"; VariantName = "[No Variations]"
Add component (AddParameter): Name = "ComponentLink2Description"; Value = "Datasheet Link"; VariantName = "[No Variations]"
Add component (AddParameter): Name = "ComponentLink2URL"; Value = "https://content.kemet.com/datasheets/KEM_C1005_Y5V_SMD.pdf"; VariantName = "[No Variations]"
Add component (AddParameter): Name = "Design Item ID"; Value = "0805 Capacitor"; VariantName = "[No Variations]"
Add component (AddParameter): Name = "Digi-Key_Part_Number"; Value = "399-1177-1-ND"; VariantName = "[No Variations]"
Add component (AddParameter): Name = "Digikey URL"; Value = "https://www.digikey.com/product-detail/en/kemet/C0805C104Z5VACTU/399-1177-1-ND/411452"; VariantName = "[No Variations]"
Add component (AddParameter): Name = "Mounting Technology"; Value = "SurfaceMount"; VariantName = "[No Variations]"
Add component (AddParameter): Name = "Package Description"; Value = "2-Pin Surface Mount Device, Body 2.01 x 1.25 mm"; VariantName = "[No Variations]"
Add component (AddParameter): Name = "Package Reference"; Value = "0805"; VariantName = "[No Variations]"
Add component (AddParameter): Name = "Pin Count"; Value = "2"; VariantName = "[No Variations]"
Add component (AddParameter): Name = "Source"; Value = "Standard Cap.SchLib"; VariantName = "[No Variations]"
Add component (AddParameter): Name = "Tolerance (%)"; Value = "±10%"; VariantName = "[No Variations]"
Add component (AddParameter): Name = "Value"; Value = "0.1µF"; VariantName = "[No Variations]"
Added Component: Designator=C13(Cap 0805)
Add component (AddParameter): Name = "Case Size/Dimension"; Value = "0805"; VariantName = "[No Variations]"
Add component (AddParameter): Name = "Component Type"; Value = "Standard"; VariantName = "[No Variations]"
Add component (AddParameter): Name = "ComponentLink1Description"; Value = "Digi-Key_Purchase_URL"; VariantName = "[No Variations]"
Add component (AddParameter): Name = "ComponentLink1URL"; Value = "https://www.digikey.com/product-detail/en/kemet/C0805C104Z5VACTU/399-1177-1-ND/411452"; VariantName = "[No Variations]"
Add component (AddParameter): Name = "ComponentLink2Description"; Value = "Datasheet Link"; VariantName = "[No Variations]"
Add component (AddParameter): Name = "ComponentLink2URL"; Value = "https://content.kemet.com/datasheets/KEM_C1005_Y5V_SMD.pdf"; VariantName = "[No Variations]"
Add component (AddParameter): Name = "Design Item ID"; Value = "0805 Capacitor"; VariantName = "[No Variations]"
Add component (AddParameter): Name = "Digi-Key_Part_Number"; Value = "399-1177-1-ND"; VariantName = "[No Variations]"
Add component (AddParameter): Name = "Digikey URL"; Value = "https://www.digikey.com/product-detail/en/kemet/C0805C104Z5VACTU/399-1177-1-ND/411452"; VariantName = "[No Variations]"
Add component (AddParameter): Name = "Mounting Technology"; Value = "SurfaceMount"; VariantName = "[No Variations]"
Add component (AddParameter): Name = "Package Description"; Value = "2-Pin Surface Mount Device, Body 2.01 x 1.25 mm"; VariantName = "[No Variations]"
Add component (AddParameter): Name = "Package Reference"; Value = "0805"; VariantName = "[No Variations]"
Add component (AddParameter): Name = "Pin Count"; Value = "2"; VariantName = "[No Variations]"
Add component (AddParameter): Name = "Source"; Value = "Standard Cap.SchLib"; VariantName = "[No Variations]"
Add component (AddParameter): Name = "Tolerance (%)"; Value = "±10%"; VariantName = "[No Variations]"
Add component (AddParameter): Name = "Value"; Value = "0.1µF"; VariantName = "[No Variations]"
Added Component: Designator=C14(Cap 0805)
Add component (AddParameter): Name = "Case Size/Dimension"; Value = "0805"; VariantName = "[No Variations]"
Add component (AddParameter): Name = "Component Type"; Value = "Standard"; VariantName = "[No Variations]"
Add component (AddParameter): Name = "ComponentLink1Description"; Value = "Digi-Key_Purchase_URL"; VariantName = "[No Variations]"
Add component (AddParameter): Name = "ComponentLink1URL"; Value = "https://www.digikey.com/product-detail/en/kemet/C0805C104Z5VACTU/399-1177-1-ND/411452"; VariantName = "[No Variations]"
Add component (AddParameter): Name = "ComponentLink2Description"; Value = "Datasheet Link"; VariantName = "[No Variations]"
Add component (AddParameter): Name = "ComponentLink2URL"; Value = "https://content.kemet.com/datasheets/KEM_C1005_Y5V_SMD.pdf"; VariantName = "[No Variations]"
Add component (AddParameter): Name = "Design Item ID"; Value = "0805 Capacitor"; VariantName = "[No Variations]"
Add component (AddParameter): Name = "Digi-Key_Part_Number"; Value = "399-1177-1-ND"; VariantName = "[No Variations]"
Add component (AddParameter): Name = "Digikey URL"; Value = "https://www.digikey.com/product-detail/en/kemet/C0805C104Z5VACTU/399-1177-1-ND/411452"; VariantName = "[No Variations]"
Add component (AddParameter): Name = "Mounting Technology"; Value = "SurfaceMount"; VariantName = "[No Variations]"
Add component (AddParameter): Name = "Package Description"; Value = "2-Pin Surface Mount Device, Body 2.01 x 1.25 mm"; VariantName = "[No Variations]"
Add component (AddParameter): Name = "Package Reference"; Value = "0805"; VariantName = "[No Variations]"
Add component (AddParameter): Name = "Pin Count"; Value = "2"; VariantName = "[No Variations]"
Add component (AddParameter): Name = "Source"; Value = "Standard Cap.SchLib"; VariantName = "[No Variations]"
Add component (AddParameter): Name = "Tolerance (%)"; Value = "±10%"; VariantName = "[No Variations]"
Add component (AddParameter): Name = "Value"; Value = "0.1µF"; VariantName = "[No Variations]"
Added Component: Designator=C15(Cap 0805)
Add component (AddParameter): Name = "Case Size/Dimension"; Value = "0805"; VariantName = "[No Variations]"
Add component (AddParameter): Name = "Component Type"; Value = "Standard"; VariantName = "[No Variations]"
Add component (AddParameter): Name = "ComponentLink1Description"; Value = "Digi-Key_Purchase_URL"; VariantName = "[No Variations]"
Add component (AddParameter): Name = "ComponentLink1URL"; Value = "https://www.digikey.com/product-detail/en/kemet/C0805C104Z5VACTU/399-1177-1-ND/411452"; VariantName = "[No Variations]"
Add component (AddParameter): Name = "ComponentLink2Description"; Value = "Datasheet Link"; VariantName = "[No Variations]"
Add component (AddParameter): Name = "ComponentLink2URL"; Value = "https://content.kemet.com/datasheets/KEM_C1005_Y5V_SMD.pdf"; VariantName = "[No Variations]"
Add component (AddParameter): Name = "Design Item ID"; Value = "0805 Capacitor"; VariantName = "[No Variations]"
Add component (AddParameter): Name = "Digi-Key_Part_Number"; Value = "399-1177-1-ND"; VariantName = "[No Variations]"
Add component (AddParameter): Name = "Digikey URL"; Value = "https://www.digikey.com/product-detail/en/kemet/C0805C104Z5VACTU/399-1177-1-ND/411452"; VariantName = "[No Variations]"
Add component (AddParameter): Name = "Mounting Technology"; Value = "SurfaceMount"; VariantName = "[No Variations]"
Add component (AddParameter): Name = "Package Description"; Value = "2-Pin Surface Mount Device, Body 2.01 x 1.25 mm"; VariantName = "[No Variations]"
Add component (AddParameter): Name = "Package Reference"; Value = "0805"; VariantName = "[No Variations]"
Add component (AddParameter): Name = "Pin Count"; Value = "2"; VariantName = "[No Variations]"
Add component (AddParameter): Name = "Source"; Value = "Standard Cap.SchLib"; VariantName = "[No Variations]"
Add component (AddParameter): Name = "Tolerance (%)"; Value = "±10%"; VariantName = "[No Variations]"
Add component (AddParameter): Name = "Value"; Value = "0.1µF"; VariantName = "[No Variations]"
Added Component: Designator=R11(RESC0805(2012)_N)
Add component (AddParameter): Name = "Case-EIA"; Value = "0805"; VariantName = "[No Variations]"
Add component (AddParameter): Name = "Component Type"; Value = "Standard"; VariantName = "[No Variations]"
Add component (AddParameter): Name = "ComponentLink1Description"; Value = "Digi-Key_Purchase_Link"; VariantName = "[No Variations]"
Add component (AddParameter): Name = "ComponentLink1URL"; Value = "https://www.digikey.com/product-detail/en/rohm-semiconductor/ESR10EZPJ121/RHM120KCT-ND/1762959"; VariantName = "[No Variations]"
Add component (AddParameter): Name = "ComponentLink2Description"; Value = "Datasheet Link"; VariantName = "[No Variations]"
Add component (AddParameter): Name = "ComponentLink2URL"; Value = "https://d1d2qsbl8m0m72.cloudfront.net/en/products/databook/datasheet/passive/resistor/chip_resistor/esr-e.pdf"; VariantName = "[No Variations]"
Add component (AddParameter): Name = "Design Item ID"; Value = "Resistor 0805"; VariantName = "[No Variations]"
Add component (AddParameter): Name = "Pin Count"; Value = "2"; VariantName = "[No Variations]"
Add component (AddParameter): Name = "Technology"; Value = "SMT"; VariantName = "[No Variations]"
Add component (AddParameter): Name = "Tolerance"; Value = "5 %"; VariantName = "[No Variations]"
Add component (AddParameter): Name = "Value"; Value = "10 Ohm"; VariantName = "[No Variations]"
Added Component: Designator=R12(RESC0805(2012)_N)
Add component (AddParameter): Name = "Case-EIA"; Value = "0805"; VariantName = "[No Variations]"
Add component (AddParameter): Name = "Component Type"; Value = "Standard"; VariantName = "[No Variations]"
Add component (AddParameter): Name = "ComponentLink1Description"; Value = "Digi-Key_Purchase_Link"; VariantName = "[No Variations]"
Add component (AddParameter): Name = "ComponentLink1URL"; Value = "https://www.digikey.com/product-detail/en/rohm-semiconductor/ESR10EZPJ121/RHM120KCT-ND/1762959"; VariantName = "[No Variations]"
Add component (AddParameter): Name = "ComponentLink2Description"; Value = "Datasheet Link"; VariantName = "[No Variations]"
Add component (AddParameter): Name = "ComponentLink2URL"; Value = "https://d1d2qsbl8m0m72.cloudfront.net/en/products/databook/datasheet/passive/resistor/chip_resistor/esr-e.pdf"; VariantName = "[No Variations]"
Add component (AddParameter): Name = "Design Item ID"; Value = "Resistor 0805"; VariantName = "[No Variations]"
Add component (AddParameter): Name = "Pin Count"; Value = "2"; VariantName = "[No Variations]"
Add component (AddParameter): Name = "Technology"; Value = "SMT"; VariantName = "[No Variations]"
Add component (AddParameter): Name = "Tolerance"; Value = "5 %"; VariantName = "[No Variations]"
Add component (AddParameter): Name = "Value"; Value = "10 Ohm"; VariantName = "[No Variations]"
Added Component: Designator=R13(RESC0805(2012)_N)
Add component (AddParameter): Name = "Case-EIA"; Value = "0805"; VariantName = "[No Variations]"
Add component (AddParameter): Name = "Component Type"; Value = "Standard"; VariantName = "[No Variations]"
Add component (AddParameter): Name = "ComponentLink1Description"; Value = "Digi-Key_Purchase_Link"; VariantName = "[No Variations]"
Add component (AddParameter): Name = "ComponentLink1URL"; Value = "https://www.digikey.com/product-detail/en/rohm-semiconductor/ESR10EZPJ121/RHM120KCT-ND/1762959"; VariantName = "[No Variations]"
Add component (AddParameter): Name = "ComponentLink2Description"; Value = "Datasheet Link"; VariantName = "[No Variations]"
Add component (AddParameter): Name = "ComponentLink2URL"; Value = "https://d1d2qsbl8m0m72.cloudfront.net/en/products/databook/datasheet/passive/resistor/chip_resistor/esr-e.pdf"; VariantName = "[No Variations]"
Add component (AddParameter): Name = "Design Item ID"; Value = "Resistor 0805"; VariantName = "[No Variations]"
Add component (AddParameter): Name = "Pin Count"; Value = "2"; VariantName = "[No Variations]"
Add component (AddParameter): Name = "Technology"; Value = "SMT"; VariantName = "[No Variations]"
Add component (AddParameter): Name = "Tolerance"; Value = "5 %"; VariantName = "[No Variations]"
Add component (AddParameter): Name = "Value"; Value = "10 Ohm"; VariantName = "[No Variations]"
Added Component: Designator=R14(RESC0805(2012)_N)
Add component (AddParameter): Name = "Case-EIA"; Value = "0805"; VariantName = "[No Variations]"
Add component (AddParameter): Name = "Component Type"; Value = "Standard"; VariantName = "[No Variations]"
Add component (AddParameter): Name = "ComponentLink1Description"; Value = "Digi-Key_Purchase_Link"; VariantName = "[No Variations]"
Add component (AddParameter): Name = "ComponentLink1URL"; Value = "https://www.digikey.com/product-detail/en/rohm-semiconductor/ESR10EZPJ121/RHM120KCT-ND/1762959"; VariantName = "[No Variations]"
Add component (AddParameter): Name = "ComponentLink2Description"; Value = "Datasheet Link"; VariantName = "[No Variations]"
Add component (AddParameter): Name = "ComponentLink2URL"; Value = "https://d1d2qsbl8m0m72.cloudfront.net/en/products/databook/datasheet/passive/resistor/chip_resistor/esr-e.pdf"; VariantName = "[No Variations]"
Add component (AddParameter): Name = "Design Item ID"; Value = "Resistor 0805"; VariantName = "[No Variations]"
Add component (AddParameter): Name = "Pin Count"; Value = "2"; VariantName = "[No Variations]"
Add component (AddParameter): Name = "Technology"; Value = "SMT"; VariantName = "[No Variations]"
Add component (AddParameter): Name = "Tolerance"; Value = "5 %"; VariantName = "[No Variations]"
Add component (AddParameter): Name = "Value"; Value = "10 Ohm"; VariantName = "[No Variations]"
Added Component: Designator=R15(RESC0805(2012)_N)
Add component (AddParameter): Name = "Case-EIA"; Value = "0805"; VariantName = "[No Variations]"
Add component (AddParameter): Name = "Component Type"; Value = "Standard"; VariantName = "[No Variations]"
Add component (AddParameter): Name = "ComponentLink1Description"; Value = "Digi-Key_Purchase_Link"; VariantName = "[No Variations]"
Add component (AddParameter): Name = "ComponentLink1URL"; Value = "https://www.digikey.com/product-detail/en/rohm-semiconductor/ESR10EZPJ121/RHM120KCT-ND/1762959"; VariantName = "[No Variations]"
Add component (AddParameter): Name = "ComponentLink2Description"; Value = "Datasheet Link"; VariantName = "[No Variations]"
Add component (AddParameter): Name = "ComponentLink2URL"; Value = "https://d1d2qsbl8m0m72.cloudfront.net/en/products/databook/datasheet/passive/resistor/chip_resistor/esr-e.pdf"; VariantName = "[No Variations]"
Add component (AddParameter): Name = "Design Item ID"; Value = "Resistor 0805"; VariantName = "[No Variations]"
Add component (AddParameter): Name = "Pin Count"; Value = "2"; VariantName = "[No Variations]"
Add component (AddParameter): Name = "Technology"; Value = "SMT"; VariantName = "[No Variations]"
Add component (AddParameter): Name = "Tolerance"; Value = "5 %"; VariantName = "[No Variations]"
Add component (AddParameter): Name = "Value"; Value = "10 Ohm"; VariantName = "[No Variations]"
Added Component: Designator=R16(RESC0805(2012)_N)
Add component (AddParameter): Name = "Case-EIA"; Value = "0805"; VariantName = "[No Variations]"
Add component (AddParameter): Name = "Component Type"; Value = "Standard"; VariantName = "[No Variations]"
Add component (AddParameter): Name = "ComponentLink1Description"; Value = "Digi-Key_Purchase_Link"; VariantName = "[No Variations]"
Add component (AddParameter): Name = "ComponentLink1URL"; Value = "https://www.digikey.com/product-detail/en/rohm-semiconductor/ESR10EZPJ121/RHM120KCT-ND/1762959"; VariantName = "[No Variations]"
Add component (AddParameter): Name = "ComponentLink2Description"; Value = "Datasheet Link"; VariantName = "[No Variations]"
Add component (AddParameter): Name = "ComponentLink2URL"; Value = "https://d1d2qsbl8m0m72.cloudfront.net/en/products/databook/datasheet/passive/resistor/chip_resistor/esr-e.pdf"; VariantName = "[No Variations]"
Add component (AddParameter): Name = "Design Item ID"; Value = "Resistor 0805"; VariantName = "[No Variations]"
Add component (AddParameter): Name = "Pin Count"; Value = "2"; VariantName = "[No Variations]"
Add component (AddParameter): Name = "Technology"; Value = "SMT"; VariantName = "[No Variations]"
Add component (AddParameter): Name = "Tolerance"; Value = "5 %"; VariantName = "[No Variations]"
Add component (AddParameter): Name = "Value"; Value = "10 Ohm"; VariantName = "[No Variations]"
Added Component: Designator=R17(RESC0805(2012)_N)
Add component (AddParameter): Name = "Case-EIA"; Value = "0805"; VariantName = "[No Variations]"
Add component (AddParameter): Name = "Component Type"; Value = "Standard"; VariantName = "[No Variations]"
Add component (AddParameter): Name = "ComponentLink1Description"; Value = "Digi-Key_Purchase_Link"; VariantName = "[No Variations]"
Add component (AddParameter): Name = "ComponentLink1URL"; Value = "https://www.digikey.com/product-detail/en/rohm-semiconductor/ESR10EZPJ121/RHM120KCT-ND/1762959"; VariantName = "[No Variations]"
Add component (AddParameter): Name = "ComponentLink2Description"; Value = "Datasheet Link"; VariantName = "[No Variations]"
Add component (AddParameter): Name = "ComponentLink2URL"; Value = "https://d1d2qsbl8m0m72.cloudfront.net/en/products/databook/datasheet/passive/resistor/chip_resistor/esr-e.pdf"; VariantName = "[No Variations]"
Add component (AddParameter): Name = "Design Item ID"; Value = "Resistor 0805"; VariantName = "[No Variations]"
Add component (AddParameter): Name = "Pin Count"; Value = "2"; VariantName = "[No Variations]"
Add component (AddParameter): Name = "Technology"; Value = "SMT"; VariantName = "[No Variations]"
Add component (AddParameter): Name = "Tolerance"; Value = "5 %"; VariantName = "[No Variations]"
Add component (AddParameter): Name = "Value"; Value = "10 Ohm"; VariantName = "[No Variations]"
Added Component: Designator=R18(RESC0805(2012)_N)
Add component (AddParameter): Name = "Case-EIA"; Value = "0805"; VariantName = "[No Variations]"
Add component (AddParameter): Name = "Component Type"; Value = "Standard"; VariantName = "[No Variations]"
Add component (AddParameter): Name = "ComponentLink1Description"; Value = "Digi-Key_Purchase_Link"; VariantName = "[No Variations]"
Add component (AddParameter): Name = "ComponentLink1URL"; Value = "https://www.digikey.com/product-detail/en/rohm-semiconductor/ESR10EZPJ121/RHM120KCT-ND/1762959"; VariantName = "[No Variations]"
Add component (AddParameter): Name = "ComponentLink2Description"; Value = "Datasheet Link"; VariantName = "[No Variations]"
Add component (AddParameter): Name = "ComponentLink2URL"; Value = "https://d1d2qsbl8m0m72.cloudfront.net/en/products/databook/datasheet/passive/resistor/chip_resistor/esr-e.pdf"; VariantName = "[No Variations]"
Add component (AddParameter): Name = "Design Item ID"; Value = "Resistor 0805"; VariantName = "[No Variations]"
Add component (AddParameter): Name = "Pin Count"; Value = "2"; VariantName = "[No Variations]"
Add component (AddParameter): Name = "Technology"; Value = "SMT"; VariantName = "[No Variations]"
Add component (AddParameter): Name = "Tolerance"; Value = "5 %"; VariantName = "[No Variations]"
Add component (AddParameter): Name = "Value"; Value = "10 Ohm"; VariantName = "[No Variations]"
Added Pin To Net: NetName=3V3_Converter_Out Pin=R11-2
Added Pin To Net: NetName=3V3_Out Pin=R12-2
Added Pin To Net: NetName=5V_Converter_Out Pin=R13-2
Added Pin To Net: NetName=5V_Out Pin=R14-2
Added Pin To Net: NetName=12V_Converter_Out Pin=R15-2
Added Pin To Net: NetName=12V_Out Pin=R16-2
Added Pin To Net: NetName=Power_In Pin=R17-2
Added Pin To Net: NetName=24V_Out Pin=R18-2
Change Net Name : Old Net Name=NetC20_1 New Net Name=NetC24_1
Change Net Name : Old Net Name=NetR11_2 New Net Name=NetR19_2
Change Net Name : Old Net Name=NetR14_1 New Net Name=NetR22_1
Change Net Name : Old Net Name=NetR15_1 New Net Name=NetR23_1
Change Net Name : Old Net Name=NetR16_1 New Net Name=NetR24_1
Change Net Name : Old Net Name=NetR17_1 New Net Name=NetR25_1
Added Pin To Net: NetName=NetC12_1 Pin=C12-1
Added Pin To Net: NetName=NetC12_1 Pin=R11-1
Added Pin To Net: NetName=NetC12_1 Pin=U5-10
Added Net: Name=NetC12_1
Added Pin To Net: NetName=NetC12_2 Pin=C12-2
Added Pin To Net: NetName=NetC12_2 Pin=R12-1
Added Pin To Net: NetName=NetC12_2 Pin=U5-8
Added Pin To Net: NetName=NetC12_2 Pin=U5-9
Added Net: Name=NetC12_2
Added Pin To Net: NetName=NetC13_1 Pin=C13-1
Added Pin To Net: NetName=NetC13_1 Pin=R13-1
Added Pin To Net: NetName=NetC13_1 Pin=U6-10
Added Net: Name=NetC13_1
Added Pin To Net: NetName=NetC13_2 Pin=C13-2
Added Pin To Net: NetName=NetC13_2 Pin=R14-1
Added Pin To Net: NetName=NetC13_2 Pin=U6-8
Added Pin To Net: NetName=NetC13_2 Pin=U6-9
Added Net: Name=NetC13_2
Added Pin To Net: NetName=NetC14_1 Pin=C14-1
Added Pin To Net: NetName=NetC14_1 Pin=R15-1
Added Pin To Net: NetName=NetC14_1 Pin=U7-10
Added Net: Name=NetC14_1
Added Pin To Net: NetName=NetC14_2 Pin=C14-2
Added Pin To Net: NetName=NetC14_2 Pin=R16-1
Added Pin To Net: NetName=NetC14_2 Pin=U7-8
Added Pin To Net: NetName=NetC14_2 Pin=U7-9
Added Net: Name=NetC14_2
Added Pin To Net: NetName=NetC15_1 Pin=C15-1
Added Pin To Net: NetName=NetC15_1 Pin=R17-1
Added Pin To Net: NetName=NetC15_1 Pin=U8-10
Added Net: Name=NetC15_1
Added Pin To Net: NetName=NetC15_2 Pin=C15-2
Added Pin To Net: NetName=NetC15_2 Pin=R18-1
Added Pin To Net: NetName=NetC15_2 Pin=U8-8
Added Pin To Net: NetName=NetC15_2 Pin=U8-9
Added Net: Name=NetC15_2
Added Member To Class: ClassName=Current Sensors Member=Component C16 Capacitor 0805
Added Member To Class: ClassName=Current Sensors Member=Component C17 Capacitor 0805
Added Member To Class: ClassName=Current Sensors Member=Component C18 Capacitor 0805
Added Member To Class: ClassName=Current Sensors Member=Component C19 Capacitor 0805
Added Member To Class: ClassName=Microcontroller Member=Component F1 Screw Hole
Added Member To Class: ClassName=Microcontroller Member=Component F2 Screw Hole
Added Member To Class: ClassName=Microcontroller Member=Component F4 Screw Hole
Added Member To Class: ClassName=Connectors Member=Component F5 Screw Hole
Added Member To Class: ClassName=Connectors Member=Component F6 Screw Hole
Added Member To Class: ClassName=Connectors Member=Component F8 Screw Hole
Added Member To Class: ClassName=Connectors Member=Component F10 Screw Hole
Added Member To Class: ClassName=Connectors Member=Component F12 Screw Hole
Added Member To Class: ClassName=Connectors Member=Component F15 Screw Hole
Added Member To Class: ClassName=Current Sensors Member=Component R11 Resistor 0805
Added Member To Class: ClassName=Current Sensors Member=Component R12 Resistor 0805
Added Member To Class: ClassName=Current Sensors Member=Component R13 Resistor 0805
Added Member To Class: ClassName=Current Sensors Member=Component R14 Resistor 0805
Added Member To Class: ClassName=Current Sensors Member=Component R15 Resistor 0805
Added Member To Class: ClassName=Current Sensors Member=Component R16 Resistor 0805
Added Member To Class: ClassName=Current Sensors Member=Component R17 Resistor 0805
Added Member To Class: ClassName=Current Sensors Member=Component R18 Resistor 0805
Added Member To Class: ClassName=Microcontroller Member=Component Reset  Test Point
Added Member To Class: ClassName=CAN Member=Component U10 MCP2562-E/SN
