Removed Pin From Net: NetName=GND Pin=3V3_3-1
Removed Pin From Net: NetName=3V3_Out Pin=3V3_3-2
Removed Member From Class: ClassName=Connectors Member=3V3_3
Change Component Designator: OldDesignator=5V_1 NewDesignator=5V_2
Change Component Designator: OldDesignator=5V_2 NewDesignator=5V_3
Change Component Designator: OldDesignator=5V_3 NewDesignator=5V_4
Change Component Designator: OldDesignator=5V_4 NewDesignator=5V_1
Change Component Designator: OldDesignator=12V_1 NewDesignator=12V_2
Change Component Designator: OldDesignator=12V_2 NewDesignator=12V_3
Change Component Designator: OldDesignator=12V_3 NewDesignator=12V_4
Change Component Designator: OldDesignator=24V_1 NewDesignator=24V_2
Change Component Designator: OldDesignator=24V_2 NewDesignator=24V_3
Change Component Designator: OldDesignator=24V_3 NewDesignator=24V_4
Added Component: Designator=12V_1(power connector)
Added Component: Designator=24V_1(power connector)
Added Pin To Net: NetName=GND Pin=12V_1-1
Added Pin To Net: NetName=12V_Out Pin=12V_1-2
Added Pin To Net: NetName=GND Pin=24V_1-1
Added Pin To Net: NetName=24V_Out Pin=24V_1-2
Added Member To Class: ClassName=Connectors Member=Component 12V_4 Molex 6.5MM  power connector
Added Member To Class: ClassName=Connectors Member=Component 24V_4 Molex 6.5MM  power connector
