Removed Pin From Net: NetName=12V_Out Pin=12V_1-2
Removed Member From Class: ClassName=CAN Member=C21
Removed Member From Class: ClassName=LEDs Member=C23
Removed Member From Class: ClassName=LEDs Member=C31
Removed Member From Class: ClassName=Connectors Member=R22
Removed Member From Class: ClassName=Connectors Member=R24
Removed Member From Class: ClassName=LEDs Member=R30
Change Component Designator: OldDesignator=12V_1 NewDesignator=12V_1_Protected
Added Component: Designator=D1(ONSC-SMB-2-403A-03_H_V)
Add component (AddParameter): Name = "ComponentLink1Description"; Value = "Manufacturer URL"; VariantName = "[No Variations]"
Add component (AddParameter): Name = "ComponentLink1URL"; Value = "http://www.onsemi.com/"; VariantName = "[No Variations]"
Add component (AddParameter): Name = "ComponentLink2Description"; Value = "Datasheet"; VariantName = "[No Variations]"
Add component (AddParameter): Name = "ComponentLink2URL"; Value = "http://www.onsemi.com/pub_link/Collateral/1SMB5913BT3-D.PDF"; VariantName = "[No Variations]"
Add component (AddParameter): Name = "ComponentLink3Description"; Value = "Package Specification"; VariantName = "[No Variations]"
Add component (AddParameter): Name = "ComponentLink3URL"; Value = "http://www.onsemi.com/pub_link/Collateral/1SMB5913BT3-D.PDF"; VariantName = "[No Variations]"
Add component (AddParameter): Name = "DatasheetVersion"; Value = "Rev. 8"; VariantName = "[No Variations]"
Add component (AddParameter): Name = "Manufacturer"; Value = "On Semiconductor"; VariantName = "[No Variations]"
Add component (AddParameter): Name = "Mounting Technology"; Value = "Surface Mount"; VariantName = "[No Variations]"
Add component (AddParameter): Name = "PackageDescription"; Value = "2-Pin Small Molded Package, J-Bend Lead, Body 4.33 x 3.625 mm"; VariantName = "[No Variations]"
Add component (AddParameter): Name = "PackageReference"; Value = "SMB-2-403A-03_H"; VariantName = "[No Variations]"
Add component (AddParameter): Name = "PackageVersion"; Value = "Rev. H, 05/2011"; VariantName = "[No Variations]"
Add component (AddParameter): Name = "Packing"; Value = "Tape and Reel"; VariantName = "[No Variations]"
Add component (AddParameter): Name = "PartNumber"; Value = "1SMB5928BT3G"; VariantName = "[No Variations]"
Add component (AddParameter): Name = "RoHS"; Value = "Pb-Free"; VariantName = "[No Variations]"
Add component (AddParameter): Name = "VZ Typ (V)"; Value = "13"; VariantName = "[No Variations]"
Added Component: Designator=F1(FP-0154-MFG)
Add component (AddParameter): Name = "Automotive"; Value = "No"; VariantName = "[No Variations]"
Add component (AddParameter): Name = "Category"; Value = "Fuse"; VariantName = "[No Variations]"
Add component (AddParameter): Name = "ComponentLink2Description"; Value = "Datasheet"; VariantName = "[No Variations]"
Add component (AddParameter): Name = "ComponentLink2URL"; Value = "https://www.littelfuse.com/~/media/electronics/datasheets/fuses/littelfuse_fuse_154_154t_154l_154tl_datasheet.pdf.pdf"; VariantName = "[No Variations]"
Add component (AddParameter): Name = "Device Class L1"; Value = "Circuit Protection"; VariantName = "[No Variations]"
Add component (AddParameter): Name = "Device Class L2"; Value = "Fuses"; VariantName = "[No Variations]"
Add component (AddParameter): Name = "Device Class L3"; Value = "unset"; VariantName = "[No Variations]"
Add component (AddParameter): Name = "Digikey Description"; Value = "FUSE BRD MNT 2.5A 125VAC/VDC SMD"; VariantName = "[No Variations]"
Add component (AddParameter): Name = "Fuse Blow Speed"; Value = "Slow"; VariantName = "[No Variations]"
Add component (AddParameter): Name = "Fuse Current"; Value = "2.5A"; VariantName = "[No Variations]"
Add component (AddParameter): Name = "Height"; Value = "3.81mm"; VariantName = "[No Variations]"
Add component (AddParameter): Name = "Lead Free"; Value = "Yes"; VariantName = "[No Variations]"
Add component (AddParameter): Name = "Manufacturer"; Value = "Littelfuse"; VariantName = "[No Variations]"
Add component (AddParameter): Name = "Manufacturer Part Number"; Value = "015402.5DRT"; VariantName = "[No Variations]"
Add component (AddParameter): Name = "Max Fuse Ac Voltage"; Value = "125V"; VariantName = "[No Variations]"
Add component (AddParameter): Name = "Max Fuse Dc Voltage"; Value = "125V"; VariantName = "[No Variations]"
Add component (AddParameter): Name = "Mouser Description"; Value = "Fuse Chip Slow Blow Acting 2.5A SMD Solder Pad 9.73 X 5.03 X 3.81mm T/R CSA/PSE/UL"; VariantName = "[No Variations]"
Add component (AddParameter): Name = "Octopart"; Value = "https://octopart.com/015402.5drt-littelfuse-565920"; VariantName = "[No Variations]"
Add component (AddParameter): Name = "Package"; Value = "0154"; VariantName = "[No Variations]"
Add component (AddParameter): Name = "RoHS"; Value = "TRUE"; VariantName = "[No Variations]"
Add component (AddParameter): Name = "Temperature"; Value = "-55°C to +125°C"; VariantName = "[No Variations]"
Add component (AddParameter): Name = "Temperature Range High"; Value = "+125°C"; VariantName = "[No Variations]"
Add component (AddParameter): Name = "Temperature Range Low"; Value = "-55°C"; VariantName = "[No Variations]"
Added Pin To Net: NetName=GND Pin=D1-2
Added Pin To Net: NetName=12V_Out Pin=F1-1
Added Pin To Net: NetName=Net12V_1_Protected_2 Pin=12V_1_Protected-2
Added Pin To Net: NetName=Net12V_1_Protected_2 Pin=D1-1
Added Pin To Net: NetName=Net12V_1_Protected_2 Pin=F1-2
Added Net: Name=Net12V_1_Protected_2
Added Member To Class: ClassName=Microcontroller Member=Component C16 Capacitor 0805
Added Member To Class: ClassName=Microcontroller Member=Component C17 Capacitor 0805
Added Member To Class: ClassName=Microcontroller Member=Component C19 0805 Capacitor
Added Member To Class: ClassName=Microcontroller Member=Component C20 Capacitor 0805
Added Member To Class: ClassName=Microcontroller Member=Component C22 Capacitor 0805
Added Member To Class: ClassName=CAN Member=Component C23 Capacitor 0805
Added Member To Class: ClassName=LEDs Member=Component C24 0805 Capacitor
Added Member To Class: ClassName=LEDs Member=Component C25 0805 Capacitor
Added Member To Class: ClassName=Connectors Member=Component D1 1SMB5928BT3G
Added Member To Class: ClassName=Connectors Member=Component F1 015402.5DRT
Added Member To Class: ClassName=Microcontroller Member=Component R11 Resistor 0805
Added Member To Class: ClassName=Microcontroller Member=Component R12 Resistor 0805
Added Member To Class: ClassName=Microcontroller Member=Component R13 Resistor 0805
Added Member To Class: ClassName=CAN Member=Component R14 Resistor 0805
Added Member To Class: ClassName=CAN Member=Component R15 Resistor 0805
Added Member To Class: ClassName=CAN Member=Component R16 Resistor 0805
Added Member To Class: ClassName=CAN Member=Component R17 Resistor 0805
Added Member To Class: ClassName=LEDs Member=Component R21 Resistor 0805
Added Member To Class: ClassName=LEDs Member=Component R22 Resistor 0805
Added Member To Class: ClassName=LEDs Member=Component R23 Resistor 0805
Added Member To Class: ClassName=LEDs Member=Component R24 Resistor 0805
Added Member To Class: ClassName=LEDs Member=Component R25 Resistor 0805
Added Member To Class: ClassName=LEDs Member=Component R26 Resistor 0805
Added Member To Class: ClassName=LEDs Member=Component R27 Resistor 0805
Added Member To Class: ClassName=LEDs Member=Component R28 Resistor 0805
Added Member To Class: ClassName=Connectors Member=Component R29 Resistor 0805
Added Member To Class: ClassName=Connectors Member=Component R30 Resistor 0805
Added Member To Class: ClassName=Connectors Member=Component R31 Resistor 0805
Added Member To Class: ClassName=Microcontroller Member=Component Reset 1825910-7
