Removed Pin From Net: NetName=GND Pin=C16-1
Removed Pin From Net: NetName=Power_In Pin=R11-2
Removed Pin From Net: NetName=GND Pin=R12-1
Removed Pin From Net: NetName=+5 Pin=R14-1
Removed Pin From Net: NetName=3V3_Alert Pin=R14-2
Removed Pin From Net: NetName=+5 Pin=R15-1
Removed Pin From Net: NetName=5V_Alert Pin=R15-2
Removed Pin From Net: NetName=+5 Pin=R16-1
Removed Pin From Net: NetName=12V_Alert Pin=R16-2
Removed Pin From Net: NetName=+5 Pin=R17-1
Removed Pin From Net: NetName=24V_Alert Pin=R17-2
Removed Pin From Net: NetName=12V_Converter_Enable Pin=U1-3
Removed Pin From Net: NetName=5V_Converter_Enable Pin=U2-3
Removed Pin From Net: NetName=3V3_Converter_Enable Pin=U3-3
Removed Member From Class: ClassName=Current Sensors Member=C16
Removed Member From Class: ClassName=Current Sensors Member=R11
Removed Member From Class: ClassName=Current Sensors Member=R12
Removed Member From Class: ClassName=Microcontroller Member=R14
Removed Member From Class: ClassName=Microcontroller Member=R15
Removed Member From Class: ClassName=Microcontroller Member=R16
Removed Member From Class: ClassName=Microcontroller Member=R17
Change Component Designator: OldDesignator=C17 NewDesignator=C16
Change Component Designator: OldDesignator=C18 NewDesignator=C17
Change Component Designator: OldDesignator=C19 NewDesignator=C18
Change Component Designator: OldDesignator=C20 NewDesignator=C19
Change Component Designator: OldDesignator=C21 NewDesignator=C20
Change Component Designator: OldDesignator=C22 NewDesignator=C21
Change Component Designator: OldDesignator=C23 NewDesignator=C22
Change Component Designator: OldDesignator=C24 NewDesignator=C23
Change Component Designator: OldDesignator=C25 NewDesignator=C31
Change Component Designator: OldDesignator=R13 NewDesignator=R11
Change Component Designator: OldDesignator=R18 NewDesignator=R12
Change Component Designator: OldDesignator=R19 NewDesignator=R13
Change Component Designator: OldDesignator=R20 NewDesignator=R30
Change Component Designator: OldDesignator=R21 NewDesignator=R14
Change Component Designator: OldDesignator=R22 NewDesignator=R15
Change Component Designator: OldDesignator=R23 NewDesignator=R16
Change Component Designator: OldDesignator=R24 NewDesignator=R17
Change Component Designator: OldDesignator=R25 NewDesignator=R18
Change Component Designator: OldDesignator=R26 NewDesignator=R19
Change Component Designator: OldDesignator=R27 NewDesignator=R20
Change Component Designator: OldDesignator=R28 NewDesignator=R21
Change Component Designator: OldDesignator=R29 NewDesignator=R22
Change Component Designator: OldDesignator=R30 NewDesignator=R23
Change Component Designator: OldDesignator=R31 NewDesignator=R24
Change Component Designator: OldDesignator=R32 NewDesignator=R25
Change Component Designator: OldDesignator=R33 NewDesignator=R26
Change Component Designator: OldDesignator=R34 NewDesignator=R27
Change Component Designator: OldDesignator=R35 NewDesignator=R28
Change Component Designator: OldDesignator=R36 NewDesignator=R29
Change Component Designator: OldDesignator=R37 NewDesignator=R31
Change Component Designator: OldDesignator=Reset  NewDesignator=Reset
Change component parameters: Designator = "R25" ("R18"); Footprint = "RESC0805(2012)_N"; UniqueID = "\FZTINPUU" ("\FZTINPUU")
Change component parameters (AddParameter): Name = "Case-EIA"; Value = "0805"; VariantName = "[No Variations]"
Change component parameters (AddParameter): Name = "Technology"; Value = "SMT"; VariantName = "[No Variations]"
Change component parameters (AddParameter): Name = "Value"; Value = "1.6 kOhm"; VariantName = "[No Variations]"
Change component parameters: Designator = "R26" ("R19"); Footprint = "RESC0805(2012)_N"; UniqueID = "\TBKVTWKE" ("\TBKVTWKE")
Change component parameters (AddParameter): Name = "Case-EIA"; Value = "0805"; VariantName = "[No Variations]"
Change component parameters (AddParameter): Name = "Technology"; Value = "SMT"; VariantName = "[No Variations]"
Change component parameters (AddParameter): Name = "Value"; Value = "1.6 kOhm"; VariantName = "[No Variations]"
Change component parameters: Designator = "R27" ("R20"); Footprint = "RESC0805(2012)_N"; UniqueID = "\YVKIGUBZ" ("\YVKIGUBZ")
Change component parameters (AddParameter): Name = "Case-EIA"; Value = "0805"; VariantName = "[No Variations]"
Change component parameters (AddParameter): Name = "Case-Metric"; Value = "2012"; VariantName = "[No Variations]"
Change component parameters (AddParameter): Name = "Power"; Value = "0.125 W"; VariantName = "[No Variations]"
Change component parameters (AddParameter): Name = "Technology"; Value = "SMT"; VariantName = "[No Variations]"
Change component parameters (AddParameter): Name = "Tolerance"; Value = "5 %"; VariantName = "[No Variations]"
Change component parameters (AddParameter): Name = "Value"; Value = "820 Ohm"; VariantName = "[No Variations]"
Change component parameters: Designator = "R28" ("R21"); Footprint = "RESC0805(2012)_N"; UniqueID = "\ANLHVHIS" ("\ANLHVHIS")
Change component parameters (AddParameter): Name = "Case-EIA"; Value = "0805"; VariantName = "[No Variations]"
Change component parameters (AddParameter): Name = "Technology"; Value = "SMT"; VariantName = "[No Variations]"
Change component parameters (AddParameter): Name = "Value"; Value = "330 Ohm"; VariantName = "[No Variations]"
Change component parameters: Designator = "R30" ("R23"); Footprint = "RESC0805(2012)_N"; UniqueID = "\OXHJLCMM" ("\OXHJLCMM")
Change component parameters (AddParameter): Name = "Case-EIA"; Value = "0805"; VariantName = "[No Variations]"
Change component parameters (AddParameter): Name = "Technology"; Value = "SMT"; VariantName = "[No Variations]"
Change component parameters (AddParameter): Name = "Value"; Value = "330 Ohm"; VariantName = "[No Variations]"
Change component parameters: Designator = "R32" ("R25"); Footprint = "RESC0805(2012)_N"; UniqueID = "\PJJSVSQF" ("\PJJSVSQF")
Change component parameters (AddParameter): Name = "Case-EIA"; Value = "0805"; VariantName = "[No Variations]"
Change component parameters (AddParameter): Name = "Technology"; Value = "SMT"; VariantName = "[No Variations]"
Change component parameters (AddParameter): Name = "Value"; Value = "330 Ohm"; VariantName = "[No Variations]"
Change component parameters: Designator = "R33" ("R26"); Footprint = "RESC0805(2012)_N"; UniqueID = "\LMKVPCCP" ("\LMKVPCCP")
Change component parameters (AddParameter): Name = "Case-EIA"; Value = "0805"; VariantName = "[No Variations]"
Change component parameters (AddParameter): Name = "Technology"; Value = "SMT"; VariantName = "[No Variations]"
Change component parameters (AddParameter): Name = "Value"; Value = "330 Ohm"; VariantName = "[No Variations]"
Added Component: Designator=3V3_Converter_Enable(HDR1X3)
Add component (AddParameter): Name = "LatestRevisionDate"; Value = "17-Jul-2002"; VariantName = "[No Variations]"
Add component (AddParameter): Name = "LatestRevisionNote"; Value = "Re-released for DXP Platform."; VariantName = "[No Variations]"
Add component (AddParameter): Name = "Publisher"; Value = "Altium Limited"; VariantName = "[No Variations]"
Added Component: Designator=5V_Converter_Enable(HDR1X3)
Add component (AddParameter): Name = "LatestRevisionDate"; Value = "17-Jul-2002"; VariantName = "[No Variations]"
Add component (AddParameter): Name = "LatestRevisionNote"; Value = "Re-released for DXP Platform."; VariantName = "[No Variations]"
Add component (AddParameter): Name = "Publisher"; Value = "Altium Limited"; VariantName = "[No Variations]"
Added Component: Designator=12V_Converter_Enable(HDR1X3)
Add component (AddParameter): Name = "LatestRevisionDate"; Value = "17-Jul-2002"; VariantName = "[No Variations]"
Add component (AddParameter): Name = "LatestRevisionNote"; Value = "Re-released for DXP Platform."; VariantName = "[No Variations]"
Add component (AddParameter): Name = "Publisher"; Value = "Altium Limited"; VariantName = "[No Variations]"
Added Component: Designator=C24(Cap 0805)
Add component (AddParameter): Name = "Case Size/Dimension"; Value = "0805"; VariantName = "[No Variations]"
Add component (AddParameter): Name = "Component Type"; Value = "Standard"; VariantName = "[No Variations]"
Add component (AddParameter): Name = "ComponentLink1Description"; Value = "Digi-Key_Purchase_URL"; VariantName = "[No Variations]"
Add component (AddParameter): Name = "ComponentLink1URL"; Value = "https://www.digikey.com/product-detail/en/kemet/C0805C104Z5VACTU/399-1177-1-ND/411452"; VariantName = "[No Variations]"
Add component (AddParameter): Name = "ComponentLink2Description"; Value = "Datasheet Link"; VariantName = "[No Variations]"
Add component (AddParameter): Name = "ComponentLink2URL"; Value = "https://content.kemet.com/datasheets/KEM_C1005_Y5V_SMD.pdf"; VariantName = "[No Variations]"
Add component (AddParameter): Name = "Design Item ID"; Value = "0805 Capacitor"; VariantName = "[No Variations]"
Add component (AddParameter): Name = "Digi-Key_Part_Number"; Value = "399-1177-1-ND"; VariantName = "[No Variations]"
Add component (AddParameter): Name = "Digikey URL"; Value = "https://www.digikey.com/product-detail/en/kemet/C0805C104Z5VACTU/399-1177-1-ND/411452"; VariantName = "[No Variations]"
Add component (AddParameter): Name = "Mounting Technology"; Value = "SurfaceMount"; VariantName = "[No Variations]"
Add component (AddParameter): Name = "Package Description"; Value = "2-Pin Surface Mount Device, Body 2.01 x 1.25 mm"; VariantName = "[No Variations]"
Add component (AddParameter): Name = "Package Reference"; Value = "0805"; VariantName = "[No Variations]"
Add component (AddParameter): Name = "Pin Count"; Value = "2"; VariantName = "[No Variations]"
Add component (AddParameter): Name = "Source"; Value = "Standard Cap.SchLib"; VariantName = "[No Variations]"
Add component (AddParameter): Name = "Tolerance (%)"; Value = "±10%"; VariantName = "[No Variations]"
Add component (AddParameter): Name = "Value"; Value = "0.1µF"; VariantName = "[No Variations]"
Added Component: Designator=C25(Cap 0805)
Add component (AddParameter): Name = "Case Size/Dimension"; Value = "0805"; VariantName = "[No Variations]"
Add component (AddParameter): Name = "Component Type"; Value = "Standard"; VariantName = "[No Variations]"
Add component (AddParameter): Name = "ComponentLink1Description"; Value = "Digi-Key_Purchase_URL"; VariantName = "[No Variations]"
Add component (AddParameter): Name = "ComponentLink1URL"; Value = "https://www.digikey.com/product-detail/en/kemet/C0805C104Z5VACTU/399-1177-1-ND/411452"; VariantName = "[No Variations]"
Add component (AddParameter): Name = "ComponentLink2Description"; Value = "Datasheet Link"; VariantName = "[No Variations]"
Add component (AddParameter): Name = "ComponentLink2URL"; Value = "https://content.kemet.com/datasheets/KEM_C1005_Y5V_SMD.pdf"; VariantName = "[No Variations]"
Add component (AddParameter): Name = "Design Item ID"; Value = "0805 Capacitor"; VariantName = "[No Variations]"
Add component (AddParameter): Name = "Digi-Key_Part_Number"; Value = "399-1177-1-ND"; VariantName = "[No Variations]"
Add component (AddParameter): Name = "Digikey URL"; Value = "https://www.digikey.com/product-detail/en/kemet/C0805C104Z5VACTU/399-1177-1-ND/411452"; VariantName = "[No Variations]"
Add component (AddParameter): Name = "Mounting Technology"; Value = "SurfaceMount"; VariantName = "[No Variations]"
Add component (AddParameter): Name = "Package Description"; Value = "2-Pin Surface Mount Device, Body 2.01 x 1.25 mm"; VariantName = "[No Variations]"
Add component (AddParameter): Name = "Package Reference"; Value = "0805"; VariantName = "[No Variations]"
Add component (AddParameter): Name = "Pin Count"; Value = "2"; VariantName = "[No Variations]"
Add component (AddParameter): Name = "Source"; Value = "Standard Cap.SchLib"; VariantName = "[No Variations]"
Add component (AddParameter): Name = "Tolerance (%)"; Value = "±10%"; VariantName = "[No Variations]"
Add component (AddParameter): Name = "Value"; Value = "0.1µF"; VariantName = "[No Variations]"
Added Component: Designator=C26(Cap 0805)
Add component (AddParameter): Name = "Case Size/Dimension"; Value = "0805"; VariantName = "[No Variations]"
Add component (AddParameter): Name = "Component Type"; Value = "Standard"; VariantName = "[No Variations]"
Add component (AddParameter): Name = "ComponentLink1Description"; Value = "Digi-Key_Purchase_URL"; VariantName = "[No Variations]"
Add component (AddParameter): Name = "ComponentLink1URL"; Value = "https://www.digikey.com/product-detail/en/kemet/C0805C104Z5VACTU/399-1177-1-ND/411452"; VariantName = "[No Variations]"
Add component (AddParameter): Name = "ComponentLink2Description"; Value = "Datasheet Link"; VariantName = "[No Variations]"
Add component (AddParameter): Name = "ComponentLink2URL"; Value = "https://content.kemet.com/datasheets/KEM_C1005_Y5V_SMD.pdf"; VariantName = "[No Variations]"
Add component (AddParameter): Name = "Design Item ID"; Value = "0805 Capacitor"; VariantName = "[No Variations]"
Add component (AddParameter): Name = "Digi-Key_Part_Number"; Value = "399-1177-1-ND"; VariantName = "[No Variations]"
Add component (AddParameter): Name = "Digikey URL"; Value = "https://www.digikey.com/product-detail/en/kemet/C0805C104Z5VACTU/399-1177-1-ND/411452"; VariantName = "[No Variations]"
Add component (AddParameter): Name = "Mounting Technology"; Value = "SurfaceMount"; VariantName = "[No Variations]"
Add component (AddParameter): Name = "Package Description"; Value = "2-Pin Surface Mount Device, Body 2.01 x 1.25 mm"; VariantName = "[No Variations]"
Add component (AddParameter): Name = "Package Reference"; Value = "0805"; VariantName = "[No Variations]"
Add component (AddParameter): Name = "Pin Count"; Value = "2"; VariantName = "[No Variations]"
Add component (AddParameter): Name = "Source"; Value = "Standard Cap.SchLib"; VariantName = "[No Variations]"
Add component (AddParameter): Name = "Tolerance (%)"; Value = "±10%"; VariantName = "[No Variations]"
Add component (AddParameter): Name = "Value"; Value = "0.1µF"; VariantName = "[No Variations]"
Added Component: Designator=C27(Cap 0805)
Add component (AddParameter): Name = "Case Size/Dimension"; Value = "0805"; VariantName = "[No Variations]"
Add component (AddParameter): Name = "Component Type"; Value = "Standard"; VariantName = "[No Variations]"
Add component (AddParameter): Name = "ComponentLink1Description"; Value = "Digi-Key_Purchase_URL"; VariantName = "[No Variations]"
Add component (AddParameter): Name = "ComponentLink1URL"; Value = "https://www.digikey.com/product-detail/en/kemet/C0805C104Z5VACTU/399-1177-1-ND/411452"; VariantName = "[No Variations]"
Add component (AddParameter): Name = "ComponentLink2Description"; Value = "Datasheet Link"; VariantName = "[No Variations]"
Add component (AddParameter): Name = "ComponentLink2URL"; Value = "https://content.kemet.com/datasheets/KEM_C1005_Y5V_SMD.pdf"; VariantName = "[No Variations]"
Add component (AddParameter): Name = "Design Item ID"; Value = "0805 Capacitor"; VariantName = "[No Variations]"
Add component (AddParameter): Name = "Digi-Key_Part_Number"; Value = "399-1177-1-ND"; VariantName = "[No Variations]"
Add component (AddParameter): Name = "Digikey URL"; Value = "https://www.digikey.com/product-detail/en/kemet/C0805C104Z5VACTU/399-1177-1-ND/411452"; VariantName = "[No Variations]"
Add component (AddParameter): Name = "Mounting Technology"; Value = "SurfaceMount"; VariantName = "[No Variations]"
Add component (AddParameter): Name = "Package Description"; Value = "2-Pin Surface Mount Device, Body 2.01 x 1.25 mm"; VariantName = "[No Variations]"
Add component (AddParameter): Name = "Package Reference"; Value = "0805"; VariantName = "[No Variations]"
Add component (AddParameter): Name = "Pin Count"; Value = "2"; VariantName = "[No Variations]"
Add component (AddParameter): Name = "Source"; Value = "Standard Cap.SchLib"; VariantName = "[No Variations]"
Add component (AddParameter): Name = "Tolerance (%)"; Value = "±10%"; VariantName = "[No Variations]"
Add component (AddParameter): Name = "Value"; Value = "0.1µF"; VariantName = "[No Variations]"
Added Component: Designator=C28(Cap 0805)
Add component (AddParameter): Name = "Case Size/Dimension"; Value = "0805"; VariantName = "[No Variations]"
Add component (AddParameter): Name = "Component Type"; Value = "Standard"; VariantName = "[No Variations]"
Add component (AddParameter): Name = "ComponentLink1Description"; Value = "Digi-Key_Purchase_URL"; VariantName = "[No Variations]"
Add component (AddParameter): Name = "ComponentLink1URL"; Value = "https://www.digikey.com/product-detail/en/kemet/C0805C104Z5VACTU/399-1177-1-ND/411452"; VariantName = "[No Variations]"
Add component (AddParameter): Name = "ComponentLink2Description"; Value = "Datasheet Link"; VariantName = "[No Variations]"
Add component (AddParameter): Name = "ComponentLink2URL"; Value = "https://content.kemet.com/datasheets/KEM_C1005_Y5V_SMD.pdf"; VariantName = "[No Variations]"
Add component (AddParameter): Name = "Design Item ID"; Value = "0805 Capacitor"; VariantName = "[No Variations]"
Add component (AddParameter): Name = "Digi-Key_Part_Number"; Value = "399-1177-1-ND"; VariantName = "[No Variations]"
Add component (AddParameter): Name = "Digikey URL"; Value = "https://www.digikey.com/product-detail/en/kemet/C0805C104Z5VACTU/399-1177-1-ND/411452"; VariantName = "[No Variations]"
Add component (AddParameter): Name = "Mounting Technology"; Value = "SurfaceMount"; VariantName = "[No Variations]"
Add component (AddParameter): Name = "Package Description"; Value = "2-Pin Surface Mount Device, Body 2.01 x 1.25 mm"; VariantName = "[No Variations]"
Add component (AddParameter): Name = "Package Reference"; Value = "0805"; VariantName = "[No Variations]"
Add component (AddParameter): Name = "Pin Count"; Value = "2"; VariantName = "[No Variations]"
Add component (AddParameter): Name = "Source"; Value = "Standard Cap.SchLib"; VariantName = "[No Variations]"
Add component (AddParameter): Name = "Tolerance (%)"; Value = "±10%"; VariantName = "[No Variations]"
Add component (AddParameter): Name = "Value"; Value = "0.1µF"; VariantName = "[No Variations]"
Added Component: Designator=C29(Cap 0805)
Add component (AddParameter): Name = "Case Size/Dimension"; Value = "0805"; VariantName = "[No Variations]"
Add component (AddParameter): Name = "Component Type"; Value = "Standard"; VariantName = "[No Variations]"
Add component (AddParameter): Name = "ComponentLink1Description"; Value = "Digi-Key_Purchase_URL"; VariantName = "[No Variations]"
Add component (AddParameter): Name = "ComponentLink1URL"; Value = "https://www.digikey.com/product-detail/en/kemet/C0805C104Z5VACTU/399-1177-1-ND/411452"; VariantName = "[No Variations]"
Add component (AddParameter): Name = "ComponentLink2Description"; Value = "Datasheet Link"; VariantName = "[No Variations]"
Add component (AddParameter): Name = "ComponentLink2URL"; Value = "https://content.kemet.com/datasheets/KEM_C1005_Y5V_SMD.pdf"; VariantName = "[No Variations]"
Add component (AddParameter): Name = "Design Item ID"; Value = "0805 Capacitor"; VariantName = "[No Variations]"
Add component (AddParameter): Name = "Digi-Key_Part_Number"; Value = "399-1177-1-ND"; VariantName = "[No Variations]"
Add component (AddParameter): Name = "Digikey URL"; Value = "https://www.digikey.com/product-detail/en/kemet/C0805C104Z5VACTU/399-1177-1-ND/411452"; VariantName = "[No Variations]"
Add component (AddParameter): Name = "Mounting Technology"; Value = "SurfaceMount"; VariantName = "[No Variations]"
Add component (AddParameter): Name = "Package Description"; Value = "2-Pin Surface Mount Device, Body 2.01 x 1.25 mm"; VariantName = "[No Variations]"
Add component (AddParameter): Name = "Package Reference"; Value = "0805"; VariantName = "[No Variations]"
Add component (AddParameter): Name = "Pin Count"; Value = "2"; VariantName = "[No Variations]"
Add component (AddParameter): Name = "Source"; Value = "Standard Cap.SchLib"; VariantName = "[No Variations]"
Add component (AddParameter): Name = "Tolerance (%)"; Value = "±10%"; VariantName = "[No Variations]"
Add component (AddParameter): Name = "Value"; Value = "0.1µF"; VariantName = "[No Variations]"
Added Component: Designator=C30(Cap 0805)
Add component (AddParameter): Name = "Case Size/Dimension"; Value = "0805"; VariantName = "[No Variations]"
Add component (AddParameter): Name = "Component Type"; Value = "Standard"; VariantName = "[No Variations]"
Add component (AddParameter): Name = "ComponentLink1Description"; Value = "Digi-Key_Purchase_URL"; VariantName = "[No Variations]"
Add component (AddParameter): Name = "ComponentLink1URL"; Value = "https://www.digikey.com/product-detail/en/kemet/C0805C104Z5VACTU/399-1177-1-ND/411452"; VariantName = "[No Variations]"
Add component (AddParameter): Name = "ComponentLink2Description"; Value = "Datasheet Link"; VariantName = "[No Variations]"
Add component (AddParameter): Name = "ComponentLink2URL"; Value = "https://content.kemet.com/datasheets/KEM_C1005_Y5V_SMD.pdf"; VariantName = "[No Variations]"
Add component (AddParameter): Name = "Design Item ID"; Value = "0805 Capacitor"; VariantName = "[No Variations]"
Add component (AddParameter): Name = "Digi-Key_Part_Number"; Value = "399-1177-1-ND"; VariantName = "[No Variations]"
Add component (AddParameter): Name = "Digikey URL"; Value = "https://www.digikey.com/product-detail/en/kemet/C0805C104Z5VACTU/399-1177-1-ND/411452"; VariantName = "[No Variations]"
Add component (AddParameter): Name = "Mounting Technology"; Value = "SurfaceMount"; VariantName = "[No Variations]"
Add component (AddParameter): Name = "Package Description"; Value = "2-Pin Surface Mount Device, Body 2.01 x 1.25 mm"; VariantName = "[No Variations]"
Add component (AddParameter): Name = "Package Reference"; Value = "0805"; VariantName = "[No Variations]"
Add component (AddParameter): Name = "Pin Count"; Value = "2"; VariantName = "[No Variations]"
Add component (AddParameter): Name = "Source"; Value = "Standard Cap.SchLib"; VariantName = "[No Variations]"
Add component (AddParameter): Name = "Tolerance (%)"; Value = "±10%"; VariantName = "[No Variations]"
Add component (AddParameter): Name = "Value"; Value = "0.1µF"; VariantName = "[No Variations]"
Added Pin To Net: NetName=3V3_Converter_Enable Pin=3V3_Converter_Enable-1
Added Pin To Net: NetName=5V_Converter_Enable Pin=5V_Converter_Enable-1
Added Pin To Net: NetName=12V_Converter_Enable Pin=12V_Converter_Enable-1
Added Pin To Net: NetName=+5 Pin=C24-1
Added Pin To Net: NetName=GND Pin=C24-2
Added Pin To Net: NetName=+5 Pin=C25-1
Added Pin To Net: NetName=GND Pin=C25-2
Added Pin To Net: NetName=+5 Pin=C26-1
Added Pin To Net: NetName=GND Pin=C26-2
Added Pin To Net: NetName=+5 Pin=C27-1
Added Pin To Net: NetName=GND Pin=C27-2
Added Pin To Net: NetName=+5 Pin=C28-1
Added Pin To Net: NetName=GND Pin=C28-2
Added Pin To Net: NetName=+5 Pin=C29-1
Added Pin To Net: NetName=GND Pin=C29-2
Added Pin To Net: NetName=+5 Pin=C30-1
Added Pin To Net: NetName=GND Pin=C30-2
Change Net Name : Old Net Name=NetC20_2 New Net Name=NetC19_2
Change Net Name : Old Net Name=NetC21_1 New Net Name=NetC20_1
Change Net Name : Old Net Name=NetR13_2 New Net Name=NetR11_2
Change Net Name : Old Net Name=NetR21_1 New Net Name=NetR14_1
Change Net Name : Old Net Name=NetR22_1 New Net Name=NetR15_1
Change Net Name : Old Net Name=NetR23_1 New Net Name=NetR16_1
Change Net Name : Old Net Name=NetR24_1 New Net Name=NetR17_1
Added Pin To Net: NetName=Net3V3_Converter_Enable_2 Pin=3V3_Converter_Enable-2
Added Pin To Net: NetName=Net3V3_Converter_Enable_2 Pin=U3-3
Added Net: Name=Net3V3_Converter_Enable_2
Added Pin To Net: NetName=Net5V_Converter_Enable_2 Pin=5V_Converter_Enable-2
Added Pin To Net: NetName=Net5V_Converter_Enable_2 Pin=U2-3
Added Net: Name=Net5V_Converter_Enable_2
Added Pin To Net: NetName=Net12V_Converter_Enable_2 Pin=12V_Converter_Enable-2
Added Pin To Net: NetName=Net12V_Converter_Enable_2 Pin=U1-3
Added Net: Name=Net12V_Converter_Enable_2
Added Member To Class: ClassName=Converters Member=Component 3V3_Converter_Enable Header 3
Added Member To Class: ClassName=Converters Member=Component 5V_Converter_Enable Header 3
Added Member To Class: ClassName=Converters Member=Component 12V_Converter_Enable Header 3
Added Member To Class: ClassName=LEDs Member=Component C24 0805 Capacitor
Added Member To Class: ClassName=LEDs Member=Component C25 0805 Capacitor
Added Member To Class: ClassName=LEDs Member=Component C26 0805 Capacitor
Added Member To Class: ClassName=LEDs Member=Component C27 0805 Capacitor
Added Member To Class: ClassName=LEDs Member=Component C28 0805 Capacitor
Added Member To Class: ClassName=LEDs Member=Component C29 0805 Capacitor
Added Member To Class: ClassName=LEDs Member=Component C30 0805 Capacitor
Added Member To Class: ClassName=Microcontroller Member=Component Reset 1825910-7
