Change Component Comment : Designator=Y1 Old Comment=SG-636PCW_50.0000MC3__ROHS New Comment=40k Hz
Change component parameters: Designator = "U9" ("U9"); Footprint = "TQFP50P1200X1200X160-64N"; UniqueID = "\UQZEOYAQ" ("\UQZEOYAQ")
Change component parameters (AddParameter): Name = "ComponentLink1Description"; Value = "Datasheet"; VariantName = "[No Variations]"
Change component parameters (AddParameter): Name = "ComponentLink1URL"; Value = "https://www.cypress.com/file/222206/download"; VariantName = "[No Variations]"
Change component parameters (AddParameter): Name = "Part_Number"; Value = "CY8C4248AZI-L485"; VariantName = "[No Variations]"
Change component parameters: Designator = "SW1" ("SW1"); Footprint = "CKCP-TDA04H0SB1R_V"; UniqueID = "\LTNFBYPS" ("\LTNFBYPS")
Change component parameters (AddParameter): Name = "Case\Package"; Value = "DIP"; VariantName = "[No Variations]"
Change component parameters (AddParameter): Name = "ComponentLink1Description"; Value = "Datasheet Link"; VariantName = "[No Variations]"
Change component parameters (AddParameter): Name = "ComponentLink1URL"; Value = "https://www.ckswitches.com/media/1328/tda.pdf"; VariantName = "[No Variations]"
Change component parameters (AddParameter): Name = "ComponentLink2Description"; Value = "Digi-Key_Purchase_URL"; VariantName = "[No Variations]"
Change component parameters (AddParameter): Name = "ComponentLink2URL"; Value = "https://www.digikey.com/en/products/detail/c-k/TDA04H0SB1/1083755"; VariantName = "[No Variations]"
Change component parameters (AddParameter): Name = "Contact Current Rating"; Value = "100 mA"; VariantName = "[No Variations]"
Change component parameters (AddParameter): Name = "Contact Finish"; Value = "Gold"; VariantName = "[No Variations]"
Change component parameters (AddParameter): Name = "Contact Material"; Value = "Copper"; VariantName = "[No Variations]"
Change component parameters (AddParameter): Name = "Contact Plating"; Value = "Gold"; VariantName = "[No Variations]"
Change component parameters (AddParameter): Name = "Current Rating"; Value = "100 mA"; VariantName = "[No Variations]"
Change component parameters (AddParameter): Name = "DatasheetVersion"; Value = "02/2016"; VariantName = "[No Variations]"
Change component parameters (AddParameter): Name = "Digi-Key_Part_Number"; Value = "CKN9065-ND"; VariantName = "[No Variations]"
Change component parameters (AddParameter): Name = "Height"; Value = "2.3 mm"; VariantName = "[No Variations]"
Change component parameters (AddParameter): Name = "Lead Pitch"; Value = "1.27 mm"; VariantName = "[No Variations]"
Change component parameters (AddParameter): Name = "Length"; Value = "6.21 mm"; VariantName = "[No Variations]"
Change component parameters (AddParameter): Name = "Max Contact Resistance"; Value = "100 mohm"; VariantName = "[No Variations]"
Change component parameters (AddParameter): Name = "Max Current Rating"; Value = "25 mA"; VariantName = "[No Variations]"
Change component parameters (AddParameter): Name = "Max Operating Temperature"; Value = "85 degC"; VariantName = "[No Variations]"
Change component parameters (AddParameter): Name = "Max Voltage Rating (DC)"; Value = "24 V"; VariantName = "[No Variations]"
Change component parameters (AddParameter): Name = "Min Operating Temperature"; Value = "-40 degC"; VariantName = "[No Variations]"
Change component parameters (AddParameter): Name = "Mount"; Value = "Surface Mount"; VariantName = "[No Variations]"
Change component parameters (AddParameter): Name = "Mounting Technology"; Value = "Surface Mount"; VariantName = "[No Variations]"
Change component parameters (AddParameter): Name = "Package Quantity"; Value = "70"; VariantName = "[No Variations]"
Change component parameters (AddParameter): Name = "PackageDescription"; Value = "8-Pin Surface Mount Device, Body 6.21 x 6.2 mm, Pitch 1.27 mm"; VariantName = "[No Variations]"
Change component parameters (AddParameter): Name = "PackageReference"; Value = "TDA04H0SB1R"; VariantName = "[No Variations]"
Change component parameters (AddParameter): Name = "Packaging"; Value = "Rail/Tube"; VariantName = "[No Variations]"
Change component parameters (AddParameter): Name = "Pins"; Value = "4"; VariantName = "[No Variations]"
Change component parameters (AddParameter): Name = "Radiation Hardening"; Value = "No"; VariantName = "[No Variations]"
Change component parameters (AddParameter): Name = "REACH SVHC"; Value = "No SVHC"; VariantName = "[No Variations]"
Change component parameters (AddParameter): Name = "RoHSCompliant"; Value = "true"; VariantName = "[No Variations]"
Change component parameters (AddParameter): Name = "Throw Configuration"; Value = "SPST"; VariantName = "[No Variations]"
Change component parameters (AddParameter): Name = "Voltage Rating (DC)"; Value = "24 V"; VariantName = "[No Variations]"
Change component parameters: Designator = "U10" ("U10"); Footprint = "SOIC127P600X175-8N"; UniqueID = "\VRQRCDHL" ("\VRQRCDHL")
Change component parameters (AddParameter): Name = "Availability"; Value = "Unavailable"; VariantName = "[No Variations]"
Change component parameters (AddParameter): Name = "ComponentLink1Description"; Value = "Digi-Key_Purchase_URL"; VariantName = "[No Variations]"
Change component parameters (AddParameter): Name = "ComponentLink1URL"; Value = "https://www.digikey.com/en/products/detail/microchip-technology/MCP2562T-E-SN/5011025"; VariantName = "[No Variations]"
Change component parameters (AddParameter): Name = "ComponentLink2Description"; Value = "Datasheet_Link"; VariantName = "[No Variations]"
Change component parameters (AddParameter): Name = "ComponentLink2URL"; Value = "http://www.microchip.com/mymicrochip/filehandler.aspx?ddocname=en561044"; VariantName = "[No Variations]"
Change component parameters (AddParameter): Name = "Digi-Key_Part_Number"; Value = "MCP2562T-E/SNCT-ND"; VariantName = "[No Variations]"
Change component parameters (AddParameter): Name = "MF"; Value = "Microchip"; VariantName = "[No Variations]"
Change component parameters (AddParameter): Name = "MP"; Value = "MCP2562-E/SN"; VariantName = "[No Variations]"
Change component parameters (AddParameter): Name = "Package"; Value = "SO-8 Microchip"; VariantName = "[No Variations]"
Change component parameters (AddParameter): Name = "Price"; Value = "None"; VariantName = "[No Variations]"
Change component parameters (AddParameter): Name = "SnapEDA_Link"; Value = "https://www.snapeda.com/parts/MCP2562-E/SN/Microchip/view-part/?ref=snap"; VariantName = "[No Variations]"
Change component parameters (AddParameter): Name = "Value"; Value = ""; VariantName = "[No Variations]"
Change component parameters: Designator = "Y1" ("Y1"); Footprint = "SG-636_3D"; UniqueID = "\JZJAVMIW" ("\JZJAVMIW")
Change component parameters (AddParameter): Name = "Arrow Part Number"; Value = "SG-636PCW 50.0000MC3: ROHS"; VariantName = "[No Variations]"
Change component parameters (AddParameter): Name = "Arrow Price/Stock"; Value = ""; VariantName = "[No Variations]"
Change component parameters (AddParameter): Name = "ComponentLink1Description"; Value = "Digi-Key_Purchase_URL"; VariantName = "[No Variations]"
Change component parameters (AddParameter): Name = "ComponentLink1URL"; Value = "https://www.digikey.com/en/products/detail/epson/SG-636PTF-40.0000MC3-ROHS/1532628"; VariantName = "[No Variations]"
Change component parameters (AddParameter): Name = "ComponentLink2Description"; Value = "Datasheet_Link"; VariantName = "[No Variations]"
Change component parameters (AddParameter): Name = "ComponentLink2URL"; Value = "https://support.epson.biz/td/api/doc_check.php?dl=brief_SG-636PTF&lang=en"; VariantName = "[No Variations]"
Change component parameters (AddParameter): Name = "Digi-Key_Part_Number"; Value = "SER3624CT-ND"; VariantName = "[No Variations]"
Change component parameters (AddParameter): Name = "Manufacturer_Name"; Value = "Epson Timing"; VariantName = "[No Variations]"
Change component parameters (AddParameter): Name = "Manufacturer_Part_Number"; Value = "SG-636PCW 50.0000MC3: ROHS"; VariantName = "[No Variations]"
Change component parameters (AddParameter): Name = "RS Part Number"; Value = ""; VariantName = "[No Variations]"
Change component parameters (AddParameter): Name = "RS Price/Stock"; Value = ""; VariantName = "[No Variations]"
Change component parameters: Designator = "Reset" ("Reset"); Footprint = "Switch 6mm 24V (NO)"; UniqueID = "\ZWYWOSCU" ("\ZWYWOSCU")
Change component parameters (AddParameter): Name = "ComponentLink1Description"; Value = "Digi-Key_Purchase_URL"; VariantName = "[No Variations]"
Change component parameters (AddParameter): Name = "ComponentLink1URL"; Value = "https://www.digikey.com/en/products/detail/c-k/TDA04H0SB1/1083755"; VariantName = "[No Variations]"
Change component parameters (AddParameter): Name = "ComponentLink2Description"; Value = "Datasheet Link"; VariantName = "[No Variations]"
Change component parameters (AddParameter): Name = "ComponentLink2URL"; Value = "https://www.ckswitches.com/media/1328/tda.pdf"; VariantName = "[No Variations]"
Change component parameters (AddParameter): Name = "Digi-Key_Part_Number"; Value = "CKN9065-ND"; VariantName = "[No Variations]"
Change component parameters (AddParameter): Name = "MF"; Value = "TE Connectivity"; VariantName = "[No Variations]"
Change component parameters (AddParameter): Name = "Value"; Value = ""; VariantName = "[No Variations]"
Change component parameters: Designator = "C3" ("C3"); Footprint = "CAP_SMD_CAN"; UniqueID = "\JKQWIDZD" ("\JKQWIDZD")
Change component parameters (AddParameter): Name = "ComponentLink1Description"; Value = "Digi-Key_Purchase_URL"; VariantName = "[No Variations]"
Change component parameters (AddParameter): Name = "ComponentLink1URL"; Value = "https://www.digikey.com/en/products/detail/panasonic-electronic-components/EEE-FK1V331AP/1142089"; VariantName = "[No Variations]"
Change component parameters (AddParameter): Name = "ComponentLink2Description"; Value = "Datasheet_Link"; VariantName = "[No Variations]"
Change component parameters (AddParameter): Name = "ComponentLink2URL"; Value = "http://industrial.panasonic.com/www-cgi/jvcr13pz.cgi?E+PZ+3+ABA0088+EEEFK1V331AP+7+WW"; VariantName = "[No Variations]"
Change component parameters (AddParameter): Name = "Digi-Key_Part_Number"; Value = "PCE4429CT-ND"; VariantName = "[No Variations]"
Change component parameters (AddParameter): Name = "Value"; Value = "330 uF"; VariantName = "[No Variations]"
Change component parameters: Designator = "C6" ("C6"); Footprint = "CAP_SMD_CAN"; UniqueID = "\JWIXTHQU" ("\JWIXTHQU")
Change component parameters (AddParameter): Name = "ComponentLink1Description"; Value = "Digi-Key_Purchase_URL"; VariantName = "[No Variations]"
Change component parameters (AddParameter): Name = "ComponentLink1URL"; Value = "https://www.digikey.com/en/products/detail/panasonic-electronic-components/EEE-FK1V331AP/1142089"; VariantName = "[No Variations]"
Change component parameters (AddParameter): Name = "ComponentLink2Description"; Value = "Datasheet_Link"; VariantName = "[No Variations]"
Change component parameters (AddParameter): Name = "ComponentLink2URL"; Value = "http://industrial.panasonic.com/www-cgi/jvcr13pz.cgi?E+PZ+3+ABA0088+EEEFK1V331AP+7+WW"; VariantName = "[No Variations]"
Change component parameters (AddParameter): Name = "Digi-Key_Part_Number"; Value = "PCE4429CT-ND"; VariantName = "[No Variations]"
Change component parameters (AddParameter): Name = "Value"; Value = "330 uF"; VariantName = "[No Variations]"
Change component parameters: Designator = "C9" ("C9"); Footprint = "CAP_SMD_CAN"; UniqueID = "\HZRNSDNB" ("\HZRNSDNB")
Change component parameters (AddParameter): Name = "ComponentLink1Description"; Value = "Digi-Key_Purchase_URL"; VariantName = "[No Variations]"
Change component parameters (AddParameter): Name = "ComponentLink1URL"; Value = "https://www.digikey.com/en/products/detail/panasonic-electronic-components/EEE-FK1V331AP/1142089"; VariantName = "[No Variations]"
Change component parameters (AddParameter): Name = "ComponentLink2Description"; Value = "Datasheet_Link"; VariantName = "[No Variations]"
Change component parameters (AddParameter): Name = "ComponentLink2URL"; Value = "http://industrial.panasonic.com/www-cgi/jvcr13pz.cgi?E+PZ+3+ABA0088+EEEFK1V331AP+7+WW"; VariantName = "[No Variations]"
Change component parameters (AddParameter): Name = "Digi-Key_Part_Number"; Value = "PCE4429CT-ND"; VariantName = "[No Variations]"
Change component parameters (AddParameter): Name = "Value"; Value = "330 uF"; VariantName = "[No Variations]"
