Removed Pin From Net: NetName=5V_Out Pin=Standard Header-1
Removed Pin From Net: NetName=3V3_Out Pin=Standard Header-2
Removed Pin From Net: NetName=CANH Pin=Standard Header-3
Removed Pin From Net: NetName=CANL Pin=Standard Header-4
Removed Pin From Net: NetName=24V_Out Pin=Standard Header-5
Removed Pin From Net: NetName=GND Pin=Standard Header-6
Removed Pin From Net: NetName=24V_Out Pin=Standard Header-7
Removed Pin From Net: NetName=GND Pin=Standard Header-8
Removed Pin From Net: NetName=24V_Out Pin=Standard Header-9
Removed Pin From Net: NetName=GND Pin=Standard Header-10
Removed Pin From Net: NetName=24V_Out Pin=Standard Header-11
Removed Pin From Net: NetName=GND Pin=Standard Header-12
Removed Pin From Net: NetName=24V_Out Pin=Standard Header-13
Removed Pin From Net: NetName=GND Pin=Standard Header-14
Removed Pin From Net: NetName=24V_Out Pin=Standard Header-15
Removed Pin From Net: NetName=GND Pin=Standard Header-16
Change Component DesignItemId : Designator=Standard Header Old DesignItemId=Stacking Header New DesignItemId=CMP-1023-00300-1
Change Component Footprint: Designator=Standard Header Old Footprint=SMTC-SSQ-108-02-X-D New Footprint=SMTC-SSQ-108-02-X-D
Change Component Comment : Designator=Standard Header Old Comment=Stacking Header New Comment=SMTC-SSQ-108-02-X-D
Change Component Library : Designator=Standard Header Old Library=Husky Robotics Standard Library 2019-2020.IntLib New Library=Altium Content Vault
