Removed Member From Class: ClassName=Converters Member=R8
Removed Member From Class: ClassName=Converters Member=R10
Removed Member From Class: ClassName=Converters Member=R12
Removed Member From Class: ClassName=Microcontroller Member=R22
Removed Member From Class: ClassName=Microcontroller Member=R24
Removed Member From Class: ClassName=Current Sensors Member=R28
Removed Member From Class: ClassName=Microcontroller Member=R28
Removed Member From Class: ClassName=Microcontroller Member=R29
Removed Member From Class: ClassName=CAN Member=R30
Removed Member From Class: ClassName=CAN Member=R32
Removed Member From Class: ClassName=Microcontroller Member=R32
Removed Member From Class: ClassName=Microcontroller Member=R34
Removed Member From Class: ClassName=Microcontroller Member=R35
Removed Member From Class: ClassName=LEDs Member=R36
Removed Member From Class: ClassName=Microcontroller Member=R36
Change Component Designator: OldDesignator=C16 NewDesignator=C17
Change Component Designator: OldDesignator=C17 NewDesignator=C18
Change Component Designator: OldDesignator=C18 NewDesignator=C19
Change Component Designator: OldDesignator=C19 NewDesignator=C20
Change Component Designator: OldDesignator=C20 NewDesignator=C21
Change Component Designator: OldDesignator=C21 NewDesignator=C22
Change Component Designator: OldDesignator=C22 NewDesignator=C23
Change Component Designator: OldDesignator=C23 NewDesignator=C24
Change Component Designator: OldDesignator=C24 NewDesignator=C25
Added Component: Designator=C16(Cap 0805)
Add component (AddParameter): Name = "Case Size/Dimension"; Value = "0805"; VariantName = "[No Variations]"
Add component (AddParameter): Name = "Component Type"; Value = "Standard"; VariantName = "[No Variations]"
Add component (AddParameter): Name = "ComponentLink1Description"; Value = "Digi-Key_Purchase_URL"; VariantName = "[No Variations]"
Add component (AddParameter): Name = "ComponentLink1URL"; Value = "https://www.digikey.com/product-detail/en/kemet/C0805C104Z5VACTU/399-1177-1-ND/411452"; VariantName = "[No Variations]"
Add component (AddParameter): Name = "ComponentLink2Description"; Value = "Datasheet Link"; VariantName = "[No Variations]"
Add component (AddParameter): Name = "ComponentLink2URL"; Value = "https://content.kemet.com/datasheets/KEM_C1005_Y5V_SMD.pdf"; VariantName = "[No Variations]"
Add component (AddParameter): Name = "Design Item ID"; Value = "0805 Capacitor"; VariantName = "[No Variations]"
Add component (AddParameter): Name = "Digi-Key_Part_Number"; Value = "399-1177-1-ND"; VariantName = "[No Variations]"
Add component (AddParameter): Name = "Digikey URL"; Value = "https://www.digikey.com/product-detail/en/kemet/C0805C104Z5VACTU/399-1177-1-ND/411452"; VariantName = "[No Variations]"
Add component (AddParameter): Name = "Mounting Technology"; Value = "SurfaceMount"; VariantName = "[No Variations]"
Add component (AddParameter): Name = "Package Description"; Value = "2-Pin Surface Mount Device, Body 2.01 x 1.25 mm"; VariantName = "[No Variations]"
Add component (AddParameter): Name = "Package Reference"; Value = "0805"; VariantName = "[No Variations]"
Add component (AddParameter): Name = "Pin Count"; Value = "2"; VariantName = "[No Variations]"
Add component (AddParameter): Name = "Source"; Value = "Standard Cap.SchLib"; VariantName = "[No Variations]"
Add component (AddParameter): Name = "Tolerance (%)"; Value = "±10%"; VariantName = "[No Variations]"
Add component (AddParameter): Name = "Value"; Value = "0.1µF"; VariantName = "[No Variations]"
Added Pin To Net: NetName=GND Pin=C16-1
Added Pin To Net: NetName=batteryVoltage Pin=C16-2
Change Net Name : Old Net Name=NetC19_2 New Net Name=NetC20_2
Change Net Name : Old Net Name=NetC20_1 New Net Name=NetC21_1
Added Member To Class: ClassName=Current Sensors Member=Component C16 0805 Capacitor
Added Member To Class: ClassName=Converters Member=Component R1 Resistor 0805
Added Member To Class: ClassName=Converters Member=Component R3 Resistor 0805
Added Member To Class: ClassName=Converters Member=Component R4 Resistor 0805
Added Member To Class: ClassName=Converters Member=Component R5 Resistor 0805
Added Member To Class: ClassName=Current Sensors Member=Component R7 Current Sensing resistor
Added Member To Class: ClassName=Current Sensors Member=Component R9 Current Sensing resistor
Added Member To Class: ClassName=Current Sensors Member=Component R11 Resistor 0805
Added Member To Class: ClassName=Microcontroller Member=Component R13 Resistor 0805
Added Member To Class: ClassName=Microcontroller Member=Component R14 Resistor 0805
Added Member To Class: ClassName=Microcontroller Member=Component R15 Resistor 0805
Added Member To Class: ClassName=Microcontroller Member=Component R16 Resistor 0805
Added Member To Class: ClassName=Microcontroller Member=Component R17 Resistor 0805
Added Member To Class: ClassName=Microcontroller Member=Component R18 Resistor 0805
Added Member To Class: ClassName=Microcontroller Member=Component R19 Resistor 0805
Added Member To Class: ClassName=Microcontroller Member=Component R20 Resistor 0805
Added Member To Class: ClassName=CAN Member=Component R21 Resistor 0805
Added Member To Class: ClassName=CAN Member=Component R23 Resistor 0805
Added Member To Class: ClassName=LEDs Member=Component R25 Resistor 0805
Added Member To Class: ClassName=LEDs Member=Component R26 Resistor 0805
Added Member To Class: ClassName=LEDs Member=Component R27 Resistor 0805
