Replace Part 3V3_1 Molex 6.5MM  power connector in C:\Users\warre\Documents\Husky Robotics\Chassis-Power-Distro-PCB-B-2019-2020\Connectors.SchDoc with Molex 6.5MM  power connector from Husky Robotics Standard Library 2019-2020.IntLib
Replace Part 3V3_2 Molex 6.5MM  power connector in C:\Users\warre\Documents\Husky Robotics\Chassis-Power-Distro-PCB-B-2019-2020\Connectors.SchDoc with Molex 6.5MM  power connector from Husky Robotics Standard Library 2019-2020.IntLib
Replace Part 3V3_3 Molex 6.5MM  power connector in C:\Users\warre\Documents\Husky Robotics\Chassis-Power-Distro-PCB-B-2019-2020\Connectors.SchDoc with Molex 6.5MM  power connector from Husky Robotics Standard Library 2019-2020.IntLib
Replace Part 5V_1 Molex 6.5MM  power connector in C:\Users\warre\Documents\Husky Robotics\Chassis-Power-Distro-PCB-B-2019-2020\Connectors.SchDoc with Molex 6.5MM  power connector from Husky Robotics Standard Library 2019-2020.IntLib
Replace Part 5V_2 Molex 6.5MM  power connector in C:\Users\warre\Documents\Husky Robotics\Chassis-Power-Distro-PCB-B-2019-2020\Connectors.SchDoc with Molex 6.5MM  power connector from Husky Robotics Standard Library 2019-2020.IntLib
Replace Part 5V_3 Molex 6.5MM  power connector in C:\Users\warre\Documents\Husky Robotics\Chassis-Power-Distro-PCB-B-2019-2020\Connectors.SchDoc with Molex 6.5MM  power connector from Husky Robotics Standard Library 2019-2020.IntLib
Replace Part 5V_4 Molex 6.5MM  power connector in C:\Users\warre\Documents\Husky Robotics\Chassis-Power-Distro-PCB-B-2019-2020\Connectors.SchDoc with Molex 6.5MM  power connector from Husky Robotics Standard Library 2019-2020.IntLib
Replace Part 12V_1 Molex 6.5MM  power connector in C:\Users\warre\Documents\Husky Robotics\Chassis-Power-Distro-PCB-B-2019-2020\Connectors.SchDoc with Molex 6.5MM  power connector from Husky Robotics Standard Library 2019-2020.IntLib
Replace Part 12V_2 Molex 6.5MM  power connector in C:\Users\warre\Documents\Husky Robotics\Chassis-Power-Distro-PCB-B-2019-2020\Connectors.SchDoc with Molex 6.5MM  power connector from Husky Robotics Standard Library 2019-2020.IntLib
Replace Part 12V_3 Molex 6.5MM  power connector in C:\Users\warre\Documents\Husky Robotics\Chassis-Power-Distro-PCB-B-2019-2020\Connectors.SchDoc with Molex 6.5MM  power connector from Husky Robotics Standard Library 2019-2020.IntLib
Replace Part 24V_1 Molex 6.5MM  power connector in C:\Users\warre\Documents\Husky Robotics\Chassis-Power-Distro-PCB-B-2019-2020\Connectors.SchDoc with Molex 6.5MM  power connector from Husky Robotics Standard Library 2019-2020.IntLib
Replace Part 24V_2 Molex 6.5MM  power connector in C:\Users\warre\Documents\Husky Robotics\Chassis-Power-Distro-PCB-B-2019-2020\Connectors.SchDoc with Molex 6.5MM  power connector from Husky Robotics Standard Library 2019-2020.IntLib
Replace Part 24V_3 Molex 6.5MM  power connector in C:\Users\warre\Documents\Husky Robotics\Chassis-Power-Distro-PCB-B-2019-2020\Connectors.SchDoc with Molex 6.5MM  power connector from Husky Robotics Standard Library 2019-2020.IntLib
Replace Part BatteryIn1 Super Saber in C:\Users\warre\Documents\Husky Robotics\Chassis-Power-Distro-PCB-B-2019-2020\Connectors.SchDoc with Super Saber from Husky Robotics Standard Library 2019-2020.IntLib
Replace Part BatteryIn2 Super Saber in C:\Users\warre\Documents\Husky Robotics\Chassis-Power-Distro-PCB-B-2019-2020\Connectors.SchDoc with Super Saber from Husky Robotics Standard Library 2019-2020.IntLib
Replace Part CAN1 Molex micro-fit 4-pin (Single row schematic) in C:\Users\warre\Documents\Husky Robotics\Chassis-Power-Distro-PCB-B-2019-2020\Connectors.SchDoc with Molex micro-fit 4-pin (Single row schematic) from Husky Robotics Standard Library 2019-2020.IntLib
Replace Part CAN2 Molex micro-fit 4-pin (Single row schematic) in C:\Users\warre\Documents\Husky Robotics\Chassis-Power-Distro-PCB-B-2019-2020\Connectors.SchDoc with Molex micro-fit 4-pin (Single row schematic) from Husky Robotics Standard Library 2019-2020.IntLib
Replace Part CAN3 Molex micro-fit 4-pin (Single row schematic) in C:\Users\warre\Documents\Husky Robotics\Chassis-Power-Distro-PCB-B-2019-2020\Connectors.SchDoc with Molex micro-fit 4-pin (Single row schematic) from Husky Robotics Standard Library 2019-2020.IntLib
Replace Part CAN Termination Header 3 in C:\Users\warre\Documents\Husky Robotics\Chassis-Power-Distro-PCB-B-2019-2020\Connectors.SchDoc with Header 3 from Miscellaneous Connectors.IntLib
Replace Part Programming Header Programming Header in C:\Users\warre\Documents\Husky Robotics\Chassis-Power-Distro-PCB-B-2019-2020\Connectors.SchDoc with Programming Header from Husky Robotics Standard Library 2019-2020.IntLib
Replace Part R19 Resistor 0805 in C:\Users\warre\Documents\Husky Robotics\Chassis-Power-Distro-PCB-B-2019-2020\Connectors.SchDoc with Resistor 0805 from Husky Robotics Standard Library 2019-2020.IntLib
Replace Part R20 Resistor 0805 in C:\Users\warre\Documents\Husky Robotics\Chassis-Power-Distro-PCB-B-2019-2020\Connectors.SchDoc with Resistor 0805 from Husky Robotics Standard Library 2019-2020.IntLib
Replace Part TP12 Test Point in C:\Users\warre\Documents\Husky Robotics\Chassis-Power-Distro-PCB-B-2019-2020\Connectors.SchDoc with Test Point from Husky Robotics Standard Library 2019-2020.IntLib
Replace Part TP13 Test Point in C:\Users\warre\Documents\Husky Robotics\Chassis-Power-Distro-PCB-B-2019-2020\Connectors.SchDoc with Test Point from Husky Robotics Standard Library 2019-2020.IntLib
Replace Part TP14 Test Point in C:\Users\warre\Documents\Husky Robotics\Chassis-Power-Distro-PCB-B-2019-2020\Connectors.SchDoc with Test Point from Husky Robotics Standard Library 2019-2020.IntLib
Replace Part TP15 Test Point in C:\Users\warre\Documents\Husky Robotics\Chassis-Power-Distro-PCB-B-2019-2020\Connectors.SchDoc with Test Point from Husky Robotics Standard Library 2019-2020.IntLib
Replace Part UART Debug UART Debuging Header in C:\Users\warre\Documents\Husky Robotics\Chassis-Power-Distro-PCB-B-2019-2020\Connectors.SchDoc with UART Debuging Header from Husky Robotics Standard Library 2019-2020.IntLib
