Removed Pin From Net: NetName=Power_In Pin=C2-1
Removed Pin From Net: NetName=GND Pin=C2-2
Removed Member From Class: ClassName=CAN Member=R19
Removed Member From Class: ClassName=CAN Member=R21
Removed Member From Class: ClassName=CAN Member=R22
Removed Member From Class: ClassName=LEDs Member=R23
Removed Member From Class: ClassName=CAN Member=R24
Removed Member From Class: ClassName=LEDs Member=R24
Change Component Comment : Designator=C2 Old Comment=0805ZD225KAT2A New Comment=Capacitor 0805
Change component parameters: Designator = "C2" ("C2"); Footprint = "CAPC2013X140X50LL20T25"; UniqueID = "\BZFXNDJI" ("\BZFXNDJI")
Change component parameters (AddParameter): Name = "Capacitance"; Value = "2.2 µF"; VariantName = "[No Variations]"
Change component parameters (AddParameter): Name = "Case Size/Dimension"; Value = "0805"; VariantName = "[No Variations]"
Change component parameters (AddParameter): Name = "Mounting Technology"; Value = "SurfaceMount"; VariantName = "[No Variations]"
Change component parameters (AddParameter): Name = "Package Reference"; Value = "0805"; VariantName = "[No Variations]"
Added Component: Designator=C5(Cap 0805)
Added Component: Designator=C8(Cap 0805)
Added Component: Designator=C10(Cap 0805)
Added Component: Designator=C11(Cap 0805)
Added Component: Designator=C12(Cap 0805)
Added Component: Designator=C13(Cap 0805)
Added Component: Designator=C14(Cap 0805)
Added Component: Designator=C15(Cap 0805)
Added Component: Designator=C16(Cap 0805)
Added Component: Designator=C17(Cap 0805)
Added Component: Designator=C18(Cap 0805)
Added Component: Designator=C19(Cap 0805)
Added Component: Designator=C20(Cap 0805)
Added Component: Designator=C21(Cap 0805)
Added Component: Designator=C22(Cap 0805)
Added Component: Designator=C23(Cap 0805)
Added Pin To Net: NetName=GND Pin=C2-1
Added Pin To Net: NetName=Power_In Pin=C2-2
Added Member To Class: ClassName=CAN Member=Component R10 Resistor 0805
Added Member To Class: ClassName=CAN Member=Component R11 Resistor 0805
Added Member To Class: ClassName=CAN Member=Component R12 Resistor 0805
Added Member To Class: ClassName=CAN Member=Component R13 Resistor 0805
Added Member To Class: ClassName=LEDs Member=Component R14 Resistor 0805
Added Member To Class: ClassName=LEDs Member=Component R15 Resistor 0805
Added Member To Class: ClassName=LEDs Member=Component R16 Resistor 0805
Added Member To Class: ClassName=LEDs Member=Component R17 Resistor 0805
Added Member To Class: ClassName=LEDs Member=Component R18 Resistor 0805
Added Member To Class: ClassName=LEDs Member=Component R20 Resistor 0805
