Added Component: Designator=C2(Cap 0805)
Added Component: Designator=C5(Cap 0805)
Added Component: Designator=C8(Cap 0805)
Added Component: Designator=C10(Cap 0805)
Added Component: Designator=C11(Cap 0805)
Added Component: Designator=C12(Cap 0805)
Added Component: Designator=C13(Cap 0805)
Added Component: Designator=C14(Cap 0805)
Added Component: Designator=C15(Cap 0805)
Added Component: Designator=C16(Cap 0805)
Added Component: Designator=C17(Cap 0805)
Added Component: Designator=C18(Cap 0805)
Added Component: Designator=C19(Cap 0805)
Added Component: Designator=C20(Cap 0805)
Added Component: Designator=C21(Cap 0805)
Added Component: Designator=C22(Cap 0805)
Added Component: Designator=C23(Cap 0805)
Added Component: Designator=Y1(SG-636_3D)
Add component (AddParameter): Name = "Arrow Part Number"; Value = "SG-636PCW 50.0000MC3: ROHS"; VariantName = "[No Variations]"
Add component (AddParameter): Name = "Arrow Price/Stock"; Value = ""; VariantName = "[No Variations]"
Add component (AddParameter): Name = "Datasheet Link"; Value = "http://www.mouser.com/ds/2/137/G-636PCE_en-1003252.pdf"; VariantName = "[No Variations]"
Add component (AddParameter): Name = "Manufacturer_Name"; Value = "Epson Timing"; VariantName = "[No Variations]"
Add component (AddParameter): Name = "Manufacturer_Part_Number"; Value = "SG-636PCW 50.0000MC3: ROHS"; VariantName = "[No Variations]"
Add component (AddParameter): Name = "RS Part Number"; Value = ""; VariantName = "[No Variations]"
Add component (AddParameter): Name = "RS Price/Stock"; Value = ""; VariantName = "[No Variations]"
Added Pin To Net: NetName=+5 Pin=Y1-1
Added Pin To Net: NetName=GND Pin=Y1-2
Added Pin To Net: NetName=Oscillator Pin=Y1-3
Added Pin To Net: NetName=+5 Pin=Y1-4
Added Member To Class: ClassName=Microcontroller Member=Component Y1 SG-636PCW_50.0000MC3__ROHS
